{"C:\\Users\\Yehor_Remizov\\Progects\\Lab_react_app\\Part_4_example\\reactjs-films-homework\\src\\App.jsx": {"path":"C:\\Users\\Yehor_Remizov\\Progects\\Lab_react_app\\Part_4_example\\reactjs-films-homework\\src\\App.jsx","statementMap":{"0":{"start":{"line":9,"column":12},"end":{"line":20,"column":1}},"1":{"start":{"line":10,"column":17},"end":{"line":10,"column":53}},"2":{"start":{"line":11,"column":2},"end":{"line":19,"column":4}},"3":{"start":{"line":22,"column":0},"end":{"line":24,"column":2}}},"fnMap":{"0":{"name":"(anonymous_0)","decl":{"start":{"line":9,"column":12},"end":{"line":9,"column":13}},"loc":{"start":{"line":9,"column":30},"end":{"line":20,"column":1}},"line":9}},"branchMap":{},"s":{"0":0,"1":0,"2":0,"3":0},"f":{"0":0},"b":{}}
,"C:\\Users\\Yehor_Remizov\\Progects\\Lab_react_app\\Part_4_example\\reactjs-films-homework\\src\\buffer.jsx": {"path":"C:\\Users\\Yehor_Remizov\\Progects\\Lab_react_app\\Part_4_example\\reactjs-films-homework\\src\\buffer.jsx","statementMap":{"0":{"start":{"line":14,"column":18},"end":{"line":22,"column":1}},"1":{"start":{"line":15,"column":2},"end":{"line":21,"column":35}},"2":{"start":{"line":24,"column":0},"end":{"line":24,"column":12}},"3":{"start":{"line":25,"column":0},"end":{"line":25,"column":27}}},"fnMap":{"0":{"name":"(anonymous_0)","decl":{"start":{"line":14,"column":18},"end":{"line":14,"column":19}},"loc":{"start":{"line":14,"column":24},"end":{"line":22,"column":1}},"line":14}},"branchMap":{},"s":{"0":0,"1":0,"2":0,"3":0},"f":{"0":0},"b":{}}
,"C:\\Users\\Yehor_Remizov\\Progects\\Lab_react_app\\Part_4_example\\reactjs-films-homework\\src\\index.js": {"path":"C:\\Users\\Yehor_Remizov\\Progects\\Lab_react_app\\Part_4_example\\reactjs-films-homework\\src\\index.js","statementMap":{"0":{"start":{"line":3,"column":0},"end":{"line":3,"column":12}},"1":{"start":{"line":5,"column":0},"end":{"line":7,"column":1}},"2":{"start":{"line":6,"column":2},"end":{"line":6,"column":22}}},"fnMap":{},"branchMap":{"0":{"loc":{"start":{"line":5,"column":0},"end":{"line":7,"column":1}},"type":"if","locations":[{"start":{"line":5,"column":0},"end":{"line":7,"column":1}},{"start":{"line":5,"column":0},"end":{"line":7,"column":1}}],"line":5}},"s":{"0":0,"1":0,"2":0},"f":{},"b":{"0":[0,0]}}
,"C:\\Users\\Yehor_Remizov\\Progects\\Lab_react_app\\Part_4_example\\reactjs-films-homework\\src\\components\\MovieDetailsPage\\MovieDetailsPage.jsx": {"path":"C:\\Users\\Yehor_Remizov\\Progects\\Lab_react_app\\Part_4_example\\reactjs-films-homework\\src\\components\\MovieDetailsPage\\MovieDetailsPage.jsx","statementMap":{"0":{"start":{"line":11,"column":32},"end":{"line":31,"column":1}},"1":{"start":{"line":12,"column":19},"end":{"line":12,"column":56}},"2":{"start":{"line":13,"column":2},"end":{"line":29,"column":3}},"3":{"start":{"line":14,"column":18},"end":{"line":18,"column":5}},"4":{"start":{"line":19,"column":4},"end":{"line":28,"column":6}},"5":{"start":{"line":30,"column":2},"end":{"line":30,"column":31}},"6":{"start":{"line":33,"column":24},"end":{"line":33,"column":71}},"7":{"start":{"line":33,"column":34},"end":{"line":33,"column":70}},"8":{"start":{"line":35,"column":0},"end":{"line":37,"column":2}},"9":{"start":{"line":39,"column":0},"end":{"line":41,"column":2}}},"fnMap":{"0":{"name":"(anonymous_0)","decl":{"start":{"line":11,"column":32},"end":{"line":11,"column":33}},"loc":{"start":{"line":11,"column":54},"end":{"line":31,"column":1}},"line":11},"1":{"name":"(anonymous_1)","decl":{"start":{"line":33,"column":24},"end":{"line":33,"column":25}},"loc":{"start":{"line":33,"column":34},"end":{"line":33,"column":70}},"line":33}},"branchMap":{"0":{"loc":{"start":{"line":13,"column":2},"end":{"line":29,"column":3}},"type":"if","locations":[{"start":{"line":13,"column":2},"end":{"line":29,"column":3}},{"start":{"line":13,"column":2},"end":{"line":29,"column":3}}],"line":13}},"s":{"0":1,"1":2,"2":2,"3":1,"4":1,"5":1,"6":1,"7":0,"8":1,"9":1},"f":{"0":2,"1":0},"b":{"0":[1,1]},"_coverageSchema":"43e27e138ebf9cfc5966b082cf9a028302ed4184","hash":"e10dc642a265c15ac8c25fdec9e59bc452528ad8"}
,"C:\\Users\\Yehor_Remizov\\Progects\\Lab_react_app\\Part_4_example\\reactjs-films-homework\\src\\components\\MovieDetailsPage\\index.js": {"path":"C:\\Users\\Yehor_Remizov\\Progects\\Lab_react_app\\Part_4_example\\reactjs-films-homework\\src\\components\\MovieDetailsPage\\index.js","statementMap":{},"fnMap":{},"branchMap":{},"s":{},"f":{},"b":{}}
,"C:\\Users\\Yehor_Remizov\\Progects\\Lab_react_app\\Part_4_example\\reactjs-films-homework\\src\\components\\MovieDetailsPageAction\\Action.jsx": {"path":"C:\\Users\\Yehor_Remizov\\Progects\\Lab_react_app\\Part_4_example\\reactjs-films-homework\\src\\components\\MovieDetailsPageAction\\Action.jsx","statementMap":{"0":{"start":{"line":13,"column":4},"end":{"line":13,"column":17}},"1":{"start":{"line":14,"column":4},"end":{"line":17,"column":6}},"2":{"start":{"line":18,"column":4},"end":{"line":18,"column":34}},"3":{"start":{"line":22,"column":25},"end":{"line":22,"column":35}},"4":{"start":{"line":23,"column":4},"end":{"line":23,"column":43}},"5":{"start":{"line":27,"column":29},"end":{"line":27,"column":39}},"6":{"start":{"line":28,"column":29},"end":{"line":28,"column":39}},"7":{"start":{"line":29,"column":4},"end":{"line":29,"column":34}},"8":{"start":{"line":30,"column":4},"end":{"line":30,"column":25}},"9":{"start":{"line":34,"column":28},"end":{"line":34,"column":38}},"10":{"start":{"line":35,"column":4},"end":{"line":35,"column":49}},"11":{"start":{"line":39,"column":35},"end":{"line":39,"column":45}},"12":{"start":{"line":40,"column":38},"end":{"line":40,"column":48}},"13":{"start":{"line":41,"column":24},"end":{"line":41,"column":83}},"14":{"start":{"line":42,"column":38},"end":{"line":42,"column":48}},"15":{"start":{"line":43,"column":25},"end":{"line":46,"column":5}},"16":{"start":{"line":44,"column":6},"end":{"line":44,"column":27}},"17":{"start":{"line":45,"column":6},"end":{"line":45,"column":21}},"18":{"start":{"line":47,"column":4},"end":{"line":67,"column":6}},"19":{"start":{"line":71,"column":0},"end":{"line":78,"column":2}},"20":{"start":{"line":80,"column":0},"end":{"line":87,"column":2}},"21":{"start":{"line":89,"column":24},"end":{"line":93,"column":2}},"22":{"start":{"line":89,"column":34},"end":{"line":93,"column":1}},"23":{"start":{"line":94,"column":27},"end":{"line":99,"column":2}},"24":{"start":{"line":94,"column":40},"end":{"line":99,"column":1}},"25":{"start":{"line":96,"column":4},"end":{"line":96,"column":29}},"26":{"start":{"line":98,"column":22},"end":{"line":98,"column":41}}},"fnMap":{"0":{"name":"(anonymous_0)","decl":{"start":{"line":12,"column":2},"end":{"line":12,"column":3}},"loc":{"start":{"line":12,"column":21},"end":{"line":19,"column":3}},"line":12},"1":{"name":"(anonymous_1)","decl":{"start":{"line":21,"column":15},"end":{"line":21,"column":16}},"loc":{"start":{"line":21,"column":21},"end":{"line":24,"column":3}},"line":21},"2":{"name":"(anonymous_2)","decl":{"start":{"line":26,"column":16},"end":{"line":26,"column":17}},"loc":{"start":{"line":26,"column":22},"end":{"line":31,"column":3}},"line":26},"3":{"name":"(anonymous_3)","decl":{"start":{"line":33,"column":2},"end":{"line":33,"column":3}},"loc":{"start":{"line":33,"column":18},"end":{"line":36,"column":3}},"line":33},"4":{"name":"(anonymous_4)","decl":{"start":{"line":38,"column":2},"end":{"line":38,"column":3}},"loc":{"start":{"line":38,"column":11},"end":{"line":68,"column":3}},"line":38},"5":{"name":"(anonymous_5)","decl":{"start":{"line":43,"column":25},"end":{"line":43,"column":26}},"loc":{"start":{"line":43,"column":31},"end":{"line":46,"column":5}},"line":43},"6":{"name":"(anonymous_6)","decl":{"start":{"line":89,"column":24},"end":{"line":89,"column":25}},"loc":{"start":{"line":89,"column":34},"end":{"line":93,"column":1}},"line":89},"7":{"name":"(anonymous_7)","decl":{"start":{"line":94,"column":27},"end":{"line":94,"column":28}},"loc":{"start":{"line":94,"column":40},"end":{"line":99,"column":1}},"line":94},"8":{"name":"(anonymous_8)","decl":{"start":{"line":95,"column":16},"end":{"line":95,"column":17}},"loc":{"start":{"line":95,"column":24},"end":{"line":97,"column":3}},"line":95},"9":{"name":"(anonymous_9)","decl":{"start":{"line":98,"column":16},"end":{"line":98,"column":17}},"loc":{"start":{"line":98,"column":22},"end":{"line":98,"column":41}},"line":98}},"branchMap":{"0":{"loc":{"start":{"line":41,"column":24},"end":{"line":41,"column":83}},"type":"cond-expr","locations":[{"start":{"line":41,"column":35},"end":{"line":41,"column":76}},{"start":{"line":41,"column":79},"end":{"line":41,"column":83}}],"line":41},"1":{"loc":{"start":{"line":53,"column":11},"end":{"line":64,"column":18}},"type":"cond-expr","locations":[{"start":{"line":54,"column":12},"end":{"line":63,"column":22}},{"start":{"line":64,"column":14},"end":{"line":64,"column":18}}],"line":53}},"s":{"0":1,"1":1,"2":1,"3":0,"4":0,"5":1,"6":1,"7":1,"8":1,"9":1,"10":1,"11":3,"12":3,"13":3,"14":3,"15":3,"16":0,"17":0,"18":3,"19":3,"20":3,"21":3,"22":0,"23":3,"24":0,"25":0,"26":0},"f":{"0":1,"1":0,"2":1,"3":1,"4":3,"5":0,"6":0,"7":0,"8":0,"9":0},"b":{"0":[0,3],"1":[1,2]},"_coverageSchema":"43e27e138ebf9cfc5966b082cf9a028302ed4184","hash":"e91554c6212fc4e33cfcf10fd459523c6269ee7a"}
,"C:\\Users\\Yehor_Remizov\\Progects\\Lab_react_app\\Part_4_example\\reactjs-films-homework\\src\\components\\MovieDetailsPageAction\\index.js": {"path":"C:\\Users\\Yehor_Remizov\\Progects\\Lab_react_app\\Part_4_example\\reactjs-films-homework\\src\\components\\MovieDetailsPageAction\\index.js","statementMap":{},"fnMap":{},"branchMap":{},"s":{},"f":{},"b":{},"_coverageSchema":"43e27e138ebf9cfc5966b082cf9a028302ed4184","hash":"f324ffa6c55a0027d9f4b4087e6ce21520885752"}
,"C:\\Users\\Yehor_Remizov\\Progects\\Lab_react_app\\Part_4_example\\reactjs-films-homework\\src\\components\\MovieDetailsPageFooter\\MovieDetailsPageFooter.jsx": {"path":"C:\\Users\\Yehor_Remizov\\Progects\\Lab_react_app\\Part_4_example\\reactjs-films-homework\\src\\components\\MovieDetailsPageFooter\\MovieDetailsPageFooter.jsx","statementMap":{"0":{"start":{"line":9,"column":38},"end":{"line":29,"column":1}},"1":{"start":{"line":10,"column":2},"end":{"line":27,"column":3}},"2":{"start":{"line":11,"column":27},"end":{"line":11,"column":32}},"3":{"start":{"line":12,"column":19},"end":{"line":12,"column":41}},"4":{"start":{"line":13,"column":17},"end":{"line":13,"column":60}},"5":{"start":{"line":14,"column":21},"end":{"line":14,"column":61}},"6":{"start":{"line":15,"column":4},"end":{"line":26,"column":6}},"7":{"start":{"line":28,"column":2},"end":{"line":28,"column":30}},"8":{"start":{"line":31,"column":0},"end":{"line":33,"column":2}},"9":{"start":{"line":35,"column":0},"end":{"line":37,"column":2}},"10":{"start":{"line":39,"column":24},"end":{"line":39,"column":64}},"11":{"start":{"line":39,"column":34},"end":{"line":39,"column":63}}},"fnMap":{"0":{"name":"(anonymous_0)","decl":{"start":{"line":9,"column":38},"end":{"line":9,"column":39}},"loc":{"start":{"line":9,"column":53},"end":{"line":29,"column":1}},"line":9},"1":{"name":"(anonymous_1)","decl":{"start":{"line":39,"column":24},"end":{"line":39,"column":25}},"loc":{"start":{"line":39,"column":34},"end":{"line":39,"column":63}},"line":39}},"branchMap":{"0":{"loc":{"start":{"line":10,"column":2},"end":{"line":27,"column":3}},"type":"if","locations":[{"start":{"line":10,"column":2},"end":{"line":27,"column":3}},{"start":{"line":10,"column":2},"end":{"line":27,"column":3}}],"line":10}},"s":{"0":2,"1":2,"2":1,"3":1,"4":1,"5":1,"6":1,"7":1,"8":2,"9":2,"10":2,"11":0},"f":{"0":2,"1":0},"b":{"0":[1,1]},"_coverageSchema":"43e27e138ebf9cfc5966b082cf9a028302ed4184","hash":"9829e07543a1d1b499094c8b77f1b7fe867effe4"}
,"C:\\Users\\Yehor_Remizov\\Progects\\Lab_react_app\\Part_4_example\\reactjs-films-homework\\src\\components\\MovieDetailsPageFooter\\index.js": {"path":"C:\\Users\\Yehor_Remizov\\Progects\\Lab_react_app\\Part_4_example\\reactjs-films-homework\\src\\components\\MovieDetailsPageFooter\\index.js","statementMap":{},"fnMap":{},"branchMap":{},"s":{},"f":{},"b":{},"_coverageSchema":"43e27e138ebf9cfc5966b082cf9a028302ed4184","hash":"90c863467aae4f863858706b99642745c9c3befe"}
,"C:\\Users\\Yehor_Remizov\\Progects\\Lab_react_app\\Part_4_example\\reactjs-films-homework\\src\\components\\MovieDetailsPageNav\\MovieDetailsPageNav.jsx": {"path":"C:\\Users\\Yehor_Remizov\\Progects\\Lab_react_app\\Part_4_example\\reactjs-films-homework\\src\\components\\MovieDetailsPageNav\\MovieDetailsPageNav.jsx","statementMap":{"0":{"start":{"line":12,"column":4},"end":{"line":12,"column":17}},"1":{"start":{"line":13,"column":4},"end":{"line":15,"column":6}},"2":{"start":{"line":19,"column":28},"end":{"line":19,"column":38}},"3":{"start":{"line":20,"column":4},"end":{"line":20,"column":39}},"4":{"start":{"line":21,"column":48},"end":{"line":21,"column":58}},"5":{"start":{"line":24,"column":4},"end":{"line":26,"column":5}},"6":{"start":{"line":25,"column":6},"end":{"line":25,"column":21}},"7":{"start":{"line":27,"column":4},"end":{"line":27,"column":27}},"8":{"start":{"line":31,"column":4},"end":{"line":33,"column":7}},"9":{"start":{"line":37,"column":28},"end":{"line":37,"column":38}},"10":{"start":{"line":38,"column":4},"end":{"line":54,"column":6}},"11":{"start":{"line":58,"column":0},"end":{"line":62,"column":2}},"12":{"start":{"line":64,"column":0},"end":{"line":68,"column":2}},"13":{"start":{"line":70,"column":24},"end":{"line":70,"column":59}},"14":{"start":{"line":70,"column":34},"end":{"line":70,"column":58}},"15":{"start":{"line":71,"column":27},"end":{"line":78,"column":2}},"16":{"start":{"line":71,"column":40},"end":{"line":78,"column":1}},"17":{"start":{"line":73,"column":4},"end":{"line":73,"column":31}},"18":{"start":{"line":76,"column":4},"end":{"line":76,"column":26}}},"fnMap":{"0":{"name":"(anonymous_0)","decl":{"start":{"line":11,"column":2},"end":{"line":11,"column":3}},"loc":{"start":{"line":11,"column":21},"end":{"line":16,"column":3}},"line":11},"1":{"name":"(anonymous_1)","decl":{"start":{"line":18,"column":24},"end":{"line":18,"column":25}},"loc":{"start":{"line":18,"column":30},"end":{"line":28,"column":3}},"line":18},"2":{"name":"(anonymous_2)","decl":{"start":{"line":30,"column":22},"end":{"line":30,"column":23}},"loc":{"start":{"line":30,"column":29},"end":{"line":34,"column":3}},"line":30},"3":{"name":"(anonymous_3)","decl":{"start":{"line":36,"column":2},"end":{"line":36,"column":3}},"loc":{"start":{"line":36,"column":11},"end":{"line":55,"column":3}},"line":36},"4":{"name":"(anonymous_4)","decl":{"start":{"line":70,"column":24},"end":{"line":70,"column":25}},"loc":{"start":{"line":70,"column":34},"end":{"line":70,"column":58}},"line":70},"5":{"name":"(anonymous_5)","decl":{"start":{"line":71,"column":27},"end":{"line":71,"column":28}},"loc":{"start":{"line":71,"column":40},"end":{"line":78,"column":1}},"line":71},"6":{"name":"(anonymous_6)","decl":{"start":{"line":72,"column":13},"end":{"line":72,"column":14}},"loc":{"start":{"line":72,"column":25},"end":{"line":74,"column":3}},"line":72},"7":{"name":"(anonymous_7)","decl":{"start":{"line":75,"column":16},"end":{"line":75,"column":17}},"loc":{"start":{"line":75,"column":22},"end":{"line":77,"column":3}},"line":75}},"branchMap":{"0":{"loc":{"start":{"line":24,"column":4},"end":{"line":26,"column":5}},"type":"if","locations":[{"start":{"line":24,"column":4},"end":{"line":26,"column":5}},{"start":{"line":24,"column":4},"end":{"line":26,"column":5}}],"line":24}},"s":{"0":1,"1":1,"2":0,"3":0,"4":0,"5":0,"6":0,"7":0,"8":0,"9":1,"10":1,"11":2,"12":2,"13":2,"14":0,"15":2,"16":0,"17":0,"18":0},"f":{"0":1,"1":0,"2":0,"3":1,"4":0,"5":0,"6":0,"7":0},"b":{"0":[0,0]},"_coverageSchema":"43e27e138ebf9cfc5966b082cf9a028302ed4184","hash":"e02062cf8ed0aeaeaf3ac9a743561736bb256e74"}
,"C:\\Users\\Yehor_Remizov\\Progects\\Lab_react_app\\Part_4_example\\reactjs-films-homework\\src\\components\\MovieDetailsPageNav\\index.js": {"path":"C:\\Users\\Yehor_Remizov\\Progects\\Lab_react_app\\Part_4_example\\reactjs-films-homework\\src\\components\\MovieDetailsPageNav\\index.js","statementMap":{},"fnMap":{},"branchMap":{},"s":{},"f":{},"b":{},"_coverageSchema":"43e27e138ebf9cfc5966b082cf9a028302ed4184","hash":"97539ca3684281f6b5ceeef6831d4bb72526b716"}
,"C:\\Users\\Yehor_Remizov\\Progects\\Lab_react_app\\Part_4_example\\reactjs-films-homework\\src\\components\\MovieDetailsPageStarRating\\StarRating.jsx": {"path":"C:\\Users\\Yehor_Remizov\\Progects\\Lab_react_app\\Part_4_example\\reactjs-films-homework\\src\\components\\MovieDetailsPageStarRating\\StarRating.jsx","statementMap":{"0":{"start":{"line":7,"column":26},"end":{"line":38,"column":1}},"1":{"start":{"line":10,"column":23},"end":{"line":10,"column":41}},"2":{"start":{"line":11,"column":21},"end":{"line":12,"column":83}},"3":{"start":{"line":12,"column":17},"end":{"line":12,"column":82}},"4":{"start":{"line":13,"column":16},"end":{"line":14,"column":77}},"5":{"start":{"line":13,"column":69},"end":{"line":13,"column":81}},"6":{"start":{"line":14,"column":17},"end":{"line":14,"column":76}},"7":{"start":{"line":15,"column":2},"end":{"line":37,"column":4}},"8":{"start":{"line":41,"column":0},"end":{"line":50,"column":2}},"9":{"start":{"line":52,"column":0},"end":{"line":58,"column":2}}},"fnMap":{"0":{"name":"(anonymous_0)","decl":{"start":{"line":7,"column":26},"end":{"line":7,"column":27}},"loc":{"start":{"line":9,"column":6},"end":{"line":38,"column":1}},"line":9},"1":{"name":"(anonymous_1)","decl":{"start":{"line":12,"column":9},"end":{"line":12,"column":10}},"loc":{"start":{"line":12,"column":17},"end":{"line":12,"column":82}},"line":12},"2":{"name":"(anonymous_2)","decl":{"start":{"line":13,"column":52},"end":{"line":13,"column":53}},"loc":{"start":{"line":13,"column":69},"end":{"line":13,"column":81}},"line":13},"3":{"name":"(anonymous_3)","decl":{"start":{"line":14,"column":9},"end":{"line":14,"column":10}},"loc":{"start":{"line":14,"column":17},"end":{"line":14,"column":76}},"line":14}},"branchMap":{},"s":{"0":3,"1":1,"2":1,"3":1,"4":1,"5":1,"6":1,"7":1,"8":3,"9":3},"f":{"0":1,"1":1,"2":1,"3":1},"b":{},"_coverageSchema":"43e27e138ebf9cfc5966b082cf9a028302ed4184","hash":"79d9c15ea0021c2c1f5dcbc76ea85fd5243ae204"}
,"C:\\Users\\Yehor_Remizov\\Progects\\Lab_react_app\\Part_4_example\\reactjs-films-homework\\src\\components\\MovieDetailsPageStarRating\\index.js": {"path":"C:\\Users\\Yehor_Remizov\\Progects\\Lab_react_app\\Part_4_example\\reactjs-films-homework\\src\\components\\MovieDetailsPageStarRating\\index.js","statementMap":{},"fnMap":{},"branchMap":{},"s":{},"f":{},"b":{},"_coverageSchema":"43e27e138ebf9cfc5966b082cf9a028302ed4184","hash":"5544ff04e88a9de720f873dbe498cef0fd90c278"}
,"C:\\Users\\Yehor_Remizov\\Progects\\Lab_react_app\\Part_4_example\\reactjs-films-homework\\src\\components\\MovieListItem\\MovieListItem.jsx": {"path":"C:\\Users\\Yehor_Remizov\\Progects\\Lab_react_app\\Part_4_example\\reactjs-films-homework\\src\\components\\MovieListItem\\MovieListItem.jsx","statementMap":{"0":{"start":{"line":17,"column":4},"end":{"line":17,"column":17}},"1":{"start":{"line":18,"column":4},"end":{"line":18,"column":87}},"2":{"start":{"line":22,"column":28},"end":{"line":22,"column":38}},"3":{"start":{"line":23,"column":4},"end":{"line":27,"column":5}},"4":{"start":{"line":24,"column":6},"end":{"line":26,"column":10}},"5":{"start":{"line":24,"column":27},"end":{"line":26,"column":7}},"6":{"start":{"line":31,"column":4},"end":{"line":33,"column":8}},"7":{"start":{"line":31,"column":25},"end":{"line":33,"column":5}},"8":{"start":{"line":37,"column":4},"end":{"line":39,"column":8}},"9":{"start":{"line":37,"column":25},"end":{"line":39,"column":5}},"10":{"start":{"line":43,"column":4},"end":{"line":45,"column":8}},"11":{"start":{"line":43,"column":25},"end":{"line":45,"column":5}},"12":{"start":{"line":49,"column":28},"end":{"line":49,"column":38}},"13":{"start":{"line":50,"column":4},"end":{"line":53,"column":8}},"14":{"start":{"line":50,"column":25},"end":{"line":53,"column":5}},"15":{"start":{"line":57,"column":29},"end":{"line":57,"column":39}},"16":{"start":{"line":58,"column":15},"end":{"line":58,"column":26}},"17":{"start":{"line":59,"column":4},"end":{"line":59,"column":21}},"18":{"start":{"line":63,"column":61},"end":{"line":63,"column":71}},"19":{"start":{"line":72,"column":8},"end":{"line":72,"column":18}},"20":{"start":{"line":73,"column":18},"end":{"line":75,"column":5}},"21":{"start":{"line":76,"column":4},"end":{"line":91,"column":5}},"22":{"start":{"line":77,"column":6},"end":{"line":90,"column":8}},"23":{"start":{"line":91,"column":6},"end":{"line":113,"column":5}},"24":{"start":{"line":92,"column":6},"end":{"line":112,"column":8}},"25":{"start":{"line":113,"column":6},"end":{"line":136,"column":5}},"26":{"start":{"line":114,"column":38},"end":{"line":114,"column":48}},"27":{"start":{"line":115,"column":34},"end":{"line":118,"column":7}},"28":{"start":{"line":116,"column":8},"end":{"line":116,"column":33}},"29":{"start":{"line":117,"column":8},"end":{"line":117,"column":23}},"30":{"start":{"line":119,"column":6},"end":{"line":135,"column":8}},"31":{"start":{"line":137,"column":4},"end":{"line":142,"column":6}},"32":{"start":{"line":147,"column":0},"end":{"line":158,"column":2}},"33":{"start":{"line":160,"column":0},"end":{"line":165,"column":2}},"34":{"start":{"line":168,"column":24},"end":{"line":168,"column":88}},"35":{"start":{"line":168,"column":34},"end":{"line":168,"column":87}},"36":{"start":{"line":170,"column":27},"end":{"line":175,"column":2}},"37":{"start":{"line":170,"column":40},"end":{"line":175,"column":1}},"38":{"start":{"line":172,"column":4},"end":{"line":172,"column":29}},"39":{"start":{"line":174,"column":22},"end":{"line":174,"column":41}}},"fnMap":{"0":{"name":"(anonymous_0)","decl":{"start":{"line":16,"column":2},"end":{"line":16,"column":3}},"loc":{"start":{"line":16,"column":21},"end":{"line":19,"column":3}},"line":16},"1":{"name":"(anonymous_1)","decl":{"start":{"line":21,"column":25},"end":{"line":21,"column":26}},"loc":{"start":{"line":21,"column":31},"end":{"line":28,"column":3}},"line":21},"2":{"name":"(anonymous_2)","decl":{"start":{"line":24,"column":20},"end":{"line":24,"column":21}},"loc":{"start":{"line":24,"column":27},"end":{"line":26,"column":7}},"line":24},"3":{"name":"(anonymous_3)","decl":{"start":{"line":30,"column":27},"end":{"line":30,"column":28}},"loc":{"start":{"line":30,"column":33},"end":{"line":34,"column":3}},"line":30},"4":{"name":"(anonymous_4)","decl":{"start":{"line":31,"column":18},"end":{"line":31,"column":19}},"loc":{"start":{"line":31,"column":25},"end":{"line":33,"column":5}},"line":31},"5":{"name":"(anonymous_5)","decl":{"start":{"line":36,"column":27},"end":{"line":36,"column":28}},"loc":{"start":{"line":36,"column":33},"end":{"line":40,"column":3}},"line":36},"6":{"name":"(anonymous_6)","decl":{"start":{"line":37,"column":18},"end":{"line":37,"column":19}},"loc":{"start":{"line":37,"column":25},"end":{"line":39,"column":5}},"line":37},"7":{"name":"(anonymous_7)","decl":{"start":{"line":42,"column":24},"end":{"line":42,"column":25}},"loc":{"start":{"line":42,"column":30},"end":{"line":46,"column":3}},"line":42},"8":{"name":"(anonymous_8)","decl":{"start":{"line":43,"column":18},"end":{"line":43,"column":19}},"loc":{"start":{"line":43,"column":25},"end":{"line":45,"column":5}},"line":43},"9":{"name":"(anonymous_9)","decl":{"start":{"line":48,"column":22},"end":{"line":48,"column":23}},"loc":{"start":{"line":48,"column":28},"end":{"line":54,"column":3}},"line":48},"10":{"name":"(anonymous_10)","decl":{"start":{"line":50,"column":18},"end":{"line":50,"column":19}},"loc":{"start":{"line":50,"column":25},"end":{"line":53,"column":5}},"line":50},"11":{"name":"(anonymous_11)","decl":{"start":{"line":56,"column":26},"end":{"line":56,"column":27}},"loc":{"start":{"line":56,"column":33},"end":{"line":60,"column":3}},"line":56},"12":{"name":"(anonymous_12)","decl":{"start":{"line":62,"column":2},"end":{"line":62,"column":3}},"loc":{"start":{"line":62,"column":11},"end":{"line":143,"column":3}},"line":62},"13":{"name":"(anonymous_13)","decl":{"start":{"line":115,"column":34},"end":{"line":115,"column":35}},"loc":{"start":{"line":115,"column":40},"end":{"line":118,"column":7}},"line":115},"14":{"name":"(anonymous_14)","decl":{"start":{"line":168,"column":24},"end":{"line":168,"column":25}},"loc":{"start":{"line":168,"column":34},"end":{"line":168,"column":87}},"line":168},"15":{"name":"(anonymous_15)","decl":{"start":{"line":170,"column":27},"end":{"line":170,"column":28}},"loc":{"start":{"line":170,"column":40},"end":{"line":175,"column":1}},"line":170},"16":{"name":"(anonymous_16)","decl":{"start":{"line":171,"column":16},"end":{"line":171,"column":17}},"loc":{"start":{"line":171,"column":24},"end":{"line":173,"column":3}},"line":171},"17":{"name":"(anonymous_17)","decl":{"start":{"line":174,"column":16},"end":{"line":174,"column":17}},"loc":{"start":{"line":174,"column":22},"end":{"line":174,"column":41}},"line":174}},"branchMap":{"0":{"loc":{"start":{"line":23,"column":4},"end":{"line":27,"column":5}},"type":"if","locations":[{"start":{"line":23,"column":4},"end":{"line":27,"column":5}},{"start":{"line":23,"column":4},"end":{"line":27,"column":5}}],"line":23},"1":{"loc":{"start":{"line":76,"column":4},"end":{"line":91,"column":5}},"type":"if","locations":[{"start":{"line":76,"column":4},"end":{"line":91,"column":5}},{"start":{"line":76,"column":4},"end":{"line":91,"column":5}}],"line":76},"2":{"loc":{"start":{"line":76,"column":8},"end":{"line":76,"column":42}},"type":"binary-expr","locations":[{"start":{"line":76,"column":8},"end":{"line":76,"column":22}},{"start":{"line":76,"column":26},"end":{"line":76,"column":42}}],"line":76},"3":{"loc":{"start":{"line":91,"column":6},"end":{"line":113,"column":5}},"type":"if","locations":[{"start":{"line":91,"column":6},"end":{"line":113,"column":5}},{"start":{"line":91,"column":6},"end":{"line":113,"column":5}}],"line":91},"4":{"loc":{"start":{"line":96,"column":23},"end":{"line":96,"column":92}},"type":"cond-expr","locations":[{"start":{"line":96,"column":41},"end":{"line":96,"column":69}},{"start":{"line":96,"column":72},"end":{"line":96,"column":92}}],"line":96},"5":{"loc":{"start":{"line":113,"column":6},"end":{"line":136,"column":5}},"type":"if","locations":[{"start":{"line":113,"column":6},"end":{"line":136,"column":5}},{"start":{"line":113,"column":6},"end":{"line":136,"column":5}}],"line":113}},"s":{"0":0,"1":0,"2":0,"3":0,"4":0,"5":0,"6":0,"7":0,"8":0,"9":0,"10":0,"11":0,"12":0,"13":0,"14":0,"15":0,"16":0,"17":0,"18":0,"19":0,"20":0,"21":0,"22":0,"23":0,"24":0,"25":0,"26":0,"27":0,"28":0,"29":0,"30":0,"31":0,"32":0,"33":0,"34":0,"35":0,"36":0,"37":0,"38":0,"39":0},"f":{"0":0,"1":0,"2":0,"3":0,"4":0,"5":0,"6":0,"7":0,"8":0,"9":0,"10":0,"11":0,"12":0,"13":0,"14":0,"15":0,"16":0,"17":0},"b":{"0":[0,0],"1":[0,0],"2":[0,0],"3":[0,0],"4":[0,0],"5":[0,0]}}
,"C:\\Users\\Yehor_Remizov\\Progects\\Lab_react_app\\Part_4_example\\reactjs-films-homework\\src\\components\\MovieListItem\\index.js": {"path":"C:\\Users\\Yehor_Remizov\\Progects\\Lab_react_app\\Part_4_example\\reactjs-films-homework\\src\\components\\MovieListItem\\index.js","statementMap":{},"fnMap":{},"branchMap":{},"s":{},"f":{},"b":{}}
,"C:\\Users\\Yehor_Remizov\\Progects\\Lab_react_app\\Part_4_example\\reactjs-films-homework\\src\\components\\MovieListItem\\ButtonsHover\\ButtonHover.jsx": {"path":"C:\\Users\\Yehor_Remizov\\Progects\\Lab_react_app\\Part_4_example\\reactjs-films-homework\\src\\components\\MovieListItem\\ButtonsHover\\ButtonHover.jsx","statementMap":{"0":{"start":{"line":9,"column":20},"end":{"line":58,"column":1}},"1":{"start":{"line":17,"column":17},"end":{"line":24,"column":3}},"2":{"start":{"line":18,"column":4},"end":{"line":18,"column":24}},"3":{"start":{"line":19,"column":4},"end":{"line":23,"column":5}},"4":{"start":{"line":20,"column":6},"end":{"line":20,"column":22}},"5":{"start":{"line":22,"column":6},"end":{"line":22,"column":25}},"6":{"start":{"line":26,"column":49},"end":{"line":29,"column":3}},"7":{"start":{"line":27,"column":4},"end":{"line":27,"column":25}},"8":{"start":{"line":28,"column":4},"end":{"line":28,"column":28}},"9":{"start":{"line":31,"column":16},"end":{"line":31,"column":52}},"10":{"start":{"line":32,"column":16},"end":{"line":32,"column":34}},"11":{"start":{"line":33,"column":23},"end":{"line":33,"column":69}},"12":{"start":{"line":35,"column":2},"end":{"line":57,"column":4}},"13":{"start":{"line":60,"column":0},"end":{"line":67,"column":2}},"14":{"start":{"line":69,"column":27},"end":{"line":73,"column":2}},"15":{"start":{"line":69,"column":40},"end":{"line":73,"column":1}},"16":{"start":{"line":71,"column":4},"end":{"line":71,"column":34}}},"fnMap":{"0":{"name":"(anonymous_0)","decl":{"start":{"line":9,"column":20},"end":{"line":9,"column":21}},"loc":{"start":{"line":16,"column":6},"end":{"line":58,"column":1}},"line":16},"1":{"name":"(anonymous_1)","decl":{"start":{"line":17,"column":17},"end":{"line":17,"column":18}},"loc":{"start":{"line":17,"column":24},"end":{"line":24,"column":3}},"line":17},"2":{"name":"(anonymous_2)","decl":{"start":{"line":26,"column":49},"end":{"line":26,"column":50}},"loc":{"start":{"line":26,"column":56},"end":{"line":29,"column":3}},"line":26},"3":{"name":"(anonymous_3)","decl":{"start":{"line":69,"column":27},"end":{"line":69,"column":28}},"loc":{"start":{"line":69,"column":40},"end":{"line":73,"column":1}},"line":69},"4":{"name":"(anonymous_4)","decl":{"start":{"line":70,"column":14},"end":{"line":70,"column":15}},"loc":{"start":{"line":70,"column":22},"end":{"line":72,"column":3}},"line":70}},"branchMap":{"0":{"loc":{"start":{"line":33,"column":23},"end":{"line":33,"column":69}},"type":"cond-expr","locations":[{"start":{"line":33,"column":40},"end":{"line":33,"column":61}},{"start":{"line":33,"column":64},"end":{"line":33,"column":69}}],"line":33}},"s":{"0":0,"1":0,"2":0,"3":0,"4":0,"5":0,"6":0,"7":0,"8":0,"9":0,"10":0,"11":0,"12":0,"13":0,"14":0,"15":0,"16":0},"f":{"0":0,"1":0,"2":0,"3":0,"4":0},"b":{"0":[0,0]}}
,"C:\\Users\\Yehor_Remizov\\Progects\\Lab_react_app\\Part_4_example\\reactjs-films-homework\\src\\components\\MovieListItem\\ButtonsHover\\index.js": {"path":"C:\\Users\\Yehor_Remizov\\Progects\\Lab_react_app\\Part_4_example\\reactjs-films-homework\\src\\components\\MovieListItem\\ButtonsHover\\index.js","statementMap":{},"fnMap":{},"branchMap":{},"s":{},"f":{},"b":{}}
,"C:\\Users\\Yehor_Remizov\\Progects\\Lab_react_app\\Part_4_example\\reactjs-films-homework\\src\\components\\MovieListItem\\MainInfo\\MovieListItemMainInfo.jsx": {"path":"C:\\Users\\Yehor_Remizov\\Progects\\Lab_react_app\\Part_4_example\\reactjs-films-homework\\src\\components\\MovieListItem\\MainInfo\\MovieListItemMainInfo.jsx","statementMap":{"0":{"start":{"line":8,"column":17},"end":{"line":25,"column":1}},"1":{"start":{"line":11,"column":20},"end":{"line":11,"column":31}},"2":{"start":{"line":12,"column":21},"end":{"line":12,"column":23}},"3":{"start":{"line":13,"column":2},"end":{"line":17,"column":3}},"4":{"start":{"line":14,"column":4},"end":{"line":16,"column":7}},"5":{"start":{"line":15,"column":6},"end":{"line":15,"column":78}},"6":{"start":{"line":15,"column":47},"end":{"line":15,"column":63}},"7":{"start":{"line":18,"column":2},"end":{"line":24,"column":4}},"8":{"start":{"line":28,"column":0},"end":{"line":33,"column":2}},"9":{"start":{"line":35,"column":0},"end":{"line":38,"column":2}},"10":{"start":{"line":41,"column":24},"end":{"line":41,"column":64}},"11":{"start":{"line":41,"column":34},"end":{"line":41,"column":63}}},"fnMap":{"0":{"name":"(anonymous_0)","decl":{"start":{"line":8,"column":17},"end":{"line":8,"column":18}},"loc":{"start":{"line":10,"column":6},"end":{"line":25,"column":1}},"line":10},"1":{"name":"(anonymous_1)","decl":{"start":{"line":14,"column":30},"end":{"line":14,"column":31}},"loc":{"start":{"line":15,"column":6},"end":{"line":15,"column":78}},"line":15},"2":{"name":"(anonymous_2)","decl":{"start":{"line":15,"column":39},"end":{"line":15,"column":40}},"loc":{"start":{"line":15,"column":47},"end":{"line":15,"column":63}},"line":15},"3":{"name":"(anonymous_3)","decl":{"start":{"line":41,"column":24},"end":{"line":41,"column":25}},"loc":{"start":{"line":41,"column":34},"end":{"line":41,"column":63}},"line":41}},"branchMap":{"0":{"loc":{"start":{"line":13,"column":2},"end":{"line":17,"column":3}},"type":"if","locations":[{"start":{"line":13,"column":2},"end":{"line":17,"column":3}},{"start":{"line":13,"column":2},"end":{"line":17,"column":3}}],"line":13}},"s":{"0":0,"1":0,"2":0,"3":0,"4":0,"5":0,"6":0,"7":0,"8":0,"9":0,"10":0,"11":0},"f":{"0":0,"1":0,"2":0,"3":0},"b":{"0":[0,0]}}
,"C:\\Users\\Yehor_Remizov\\Progects\\Lab_react_app\\Part_4_example\\reactjs-films-homework\\src\\components\\MovieListItem\\MainInfo\\index.js": {"path":"C:\\Users\\Yehor_Remizov\\Progects\\Lab_react_app\\Part_4_example\\reactjs-films-homework\\src\\components\\MovieListItem\\MainInfo\\index.js","statementMap":{},"fnMap":{},"branchMap":{},"s":{},"f":{},"b":{}}
,"C:\\Users\\Yehor_Remizov\\Progects\\Lab_react_app\\Part_4_example\\reactjs-films-homework\\src\\components\\MovieListItem\\Overwiew\\Overview.jsx": {"path":"C:\\Users\\Yehor_Remizov\\Progects\\Lab_react_app\\Part_4_example\\reactjs-films-homework\\src\\components\\MovieListItem\\Overwiew\\Overview.jsx","statementMap":{"0":{"start":{"line":8,"column":17},"end":{"line":33,"column":1}},"1":{"start":{"line":18,"column":27},"end":{"line":22,"column":3}},"2":{"start":{"line":19,"column":4},"end":{"line":19,"column":18}},"3":{"start":{"line":20,"column":4},"end":{"line":20,"column":29}},"4":{"start":{"line":21,"column":4},"end":{"line":21,"column":25}},"5":{"start":{"line":23,"column":2},"end":{"line":32,"column":4}},"6":{"start":{"line":36,"column":0},"end":{"line":45,"column":2}},"7":{"start":{"line":47,"column":0},"end":{"line":51,"column":2}}},"fnMap":{"0":{"name":"(anonymous_0)","decl":{"start":{"line":8,"column":17},"end":{"line":8,"column":18}},"loc":{"start":{"line":17,"column":6},"end":{"line":33,"column":1}},"line":17},"1":{"name":"(anonymous_1)","decl":{"start":{"line":18,"column":27},"end":{"line":18,"column":28}},"loc":{"start":{"line":18,"column":34},"end":{"line":22,"column":3}},"line":18}},"branchMap":{},"s":{"0":0,"1":0,"2":0,"3":0,"4":0,"5":0,"6":0,"7":0},"f":{"0":0,"1":0},"b":{}}
,"C:\\Users\\Yehor_Remizov\\Progects\\Lab_react_app\\Part_4_example\\reactjs-films-homework\\src\\components\\MovieListItem\\Overwiew\\index.js": {"path":"C:\\Users\\Yehor_Remizov\\Progects\\Lab_react_app\\Part_4_example\\reactjs-films-homework\\src\\components\\MovieListItem\\Overwiew\\index.js","statementMap":{},"fnMap":{},"branchMap":{},"s":{},"f":{},"b":{}}
,"C:\\Users\\Yehor_Remizov\\Progects\\Lab_react_app\\Part_4_example\\reactjs-films-homework\\src\\components\\MovieListItem\\Trailer\\Trailer.jsx": {"path":"C:\\Users\\Yehor_Remizov\\Progects\\Lab_react_app\\Part_4_example\\reactjs-films-homework\\src\\components\\MovieListItem\\Trailer\\Trailer.jsx","statementMap":{"0":{"start":{"line":7,"column":23},"end":{"line":7,"column":55}},"1":{"start":{"line":12,"column":4},"end":{"line":12,"column":17}},"2":{"start":{"line":13,"column":4},"end":{"line":13,"column":41}},"3":{"start":{"line":17,"column":25},"end":{"line":17,"column":35}},"4":{"start":{"line":18,"column":4},"end":{"line":21,"column":6}},"5":{"start":{"line":25,"column":0},"end":{"line":27,"column":2}}},"fnMap":{"0":{"name":"(anonymous_0)","decl":{"start":{"line":11,"column":2},"end":{"line":11,"column":3}},"loc":{"start":{"line":11,"column":21},"end":{"line":14,"column":3}},"line":11},"1":{"name":"(anonymous_1)","decl":{"start":{"line":16,"column":2},"end":{"line":16,"column":3}},"loc":{"start":{"line":16,"column":11},"end":{"line":22,"column":3}},"line":16}},"branchMap":{},"s":{"0":3,"1":0,"2":0,"3":0,"4":0,"5":3},"f":{"0":0,"1":0},"b":{},"_coverageSchema":"43e27e138ebf9cfc5966b082cf9a028302ed4184","hash":"3e086e8bc5de7294e9104667c44f1b6a92a60c0b"}
,"C:\\Users\\Yehor_Remizov\\Progects\\Lab_react_app\\Part_4_example\\reactjs-films-homework\\src\\components\\MovieListItem\\Trailer\\index.js": {"path":"C:\\Users\\Yehor_Remizov\\Progects\\Lab_react_app\\Part_4_example\\reactjs-films-homework\\src\\components\\MovieListItem\\Trailer\\index.js","statementMap":{},"fnMap":{},"branchMap":{},"s":{},"f":{},"b":{},"_coverageSchema":"43e27e138ebf9cfc5966b082cf9a028302ed4184","hash":"6cf56797a95df7a0f283f515ccce5692dea52557"}
,"C:\\Users\\Yehor_Remizov\\Progects\\Lab_react_app\\Part_4_example\\reactjs-films-homework\\src\\components\\MovieListItem\\Trailer\\Iframe\\Iframe.jsx": {"path":"C:\\Users\\Yehor_Remizov\\Progects\\Lab_react_app\\Part_4_example\\reactjs-films-homework\\src\\components\\MovieListItem\\Trailer\\Iframe\\Iframe.jsx","statementMap":{"0":{"start":{"line":4,"column":15},"end":{"line":11,"column":1}},"1":{"start":{"line":5,"column":2},"end":{"line":7,"column":3}},"2":{"start":{"line":6,"column":4},"end":{"line":6,"column":42}},"3":{"start":{"line":8,"column":2},"end":{"line":10,"column":4}},"4":{"start":{"line":13,"column":0},"end":{"line":16,"column":2}},"5":{"start":{"line":18,"column":0},"end":{"line":21,"column":2}}},"fnMap":{"0":{"name":"(anonymous_0)","decl":{"start":{"line":4,"column":15},"end":{"line":4,"column":16}},"loc":{"start":{"line":4,"column":39},"end":{"line":11,"column":1}},"line":4}},"branchMap":{"0":{"loc":{"start":{"line":5,"column":2},"end":{"line":7,"column":3}},"type":"if","locations":[{"start":{"line":5,"column":2},"end":{"line":7,"column":3}},{"start":{"line":5,"column":2},"end":{"line":7,"column":3}}],"line":5}},"s":{"0":3,"1":0,"2":0,"3":0,"4":3,"5":3},"f":{"0":0},"b":{"0":[0,0]},"_coverageSchema":"43e27e138ebf9cfc5966b082cf9a028302ed4184","hash":"1be4a1ddb063c55ecb37ffaa2f86c7804787b381"}
,"C:\\Users\\Yehor_Remizov\\Progects\\Lab_react_app\\Part_4_example\\reactjs-films-homework\\src\\components\\MovieListItem\\Trailer\\Iframe\\index.js": {"path":"C:\\Users\\Yehor_Remizov\\Progects\\Lab_react_app\\Part_4_example\\reactjs-films-homework\\src\\components\\MovieListItem\\Trailer\\Iframe\\index.js","statementMap":{},"fnMap":{},"branchMap":{},"s":{},"f":{},"b":{},"_coverageSchema":"43e27e138ebf9cfc5966b082cf9a028302ed4184","hash":"fe860ee38138a1c7509241cb73abcd0b99070836"}
,"C:\\Users\\Yehor_Remizov\\Progects\\Lab_react_app\\Part_4_example\\reactjs-films-homework\\src\\components\\MovieListItem\\TrailerError\\TrailerError.jsx": {"path":"C:\\Users\\Yehor_Remizov\\Progects\\Lab_react_app\\Part_4_example\\reactjs-films-homework\\src\\components\\MovieListItem\\TrailerError\\TrailerError.jsx","statementMap":{"0":{"start":{"line":8,"column":4},"end":{"line":8,"column":17}},"1":{"start":{"line":9,"column":4},"end":{"line":9,"column":37}},"2":{"start":{"line":13,"column":4},"end":{"line":13,"column":39}},"3":{"start":{"line":17,"column":25},"end":{"line":17,"column":35}},"4":{"start":{"line":18,"column":25},"end":{"line":18,"column":35}},"5":{"start":{"line":19,"column":4},"end":{"line":25,"column":5}},"6":{"start":{"line":20,"column":6},"end":{"line":24,"column":8}},"7":{"start":{"line":27,"column":4},"end":{"line":27,"column":20}},"8":{"start":{"line":32,"column":0},"end":{"line":34,"column":2}}},"fnMap":{"0":{"name":"(anonymous_0)","decl":{"start":{"line":7,"column":2},"end":{"line":7,"column":3}},"loc":{"start":{"line":7,"column":21},"end":{"line":10,"column":3}},"line":7},"1":{"name":"(anonymous_1)","decl":{"start":{"line":12,"column":2},"end":{"line":12,"column":3}},"loc":{"start":{"line":12,"column":27},"end":{"line":14,"column":3}},"line":12},"2":{"name":"(anonymous_2)","decl":{"start":{"line":16,"column":2},"end":{"line":16,"column":3}},"loc":{"start":{"line":16,"column":11},"end":{"line":28,"column":3}},"line":16}},"branchMap":{"0":{"loc":{"start":{"line":19,"column":4},"end":{"line":25,"column":5}},"type":"if","locations":[{"start":{"line":19,"column":4},"end":{"line":25,"column":5}},{"start":{"line":19,"column":4},"end":{"line":25,"column":5}}],"line":19}},"s":{"0":0,"1":0,"2":0,"3":0,"4":0,"5":0,"6":0,"7":0,"8":3},"f":{"0":0,"1":0,"2":0},"b":{"0":[0,0]},"_coverageSchema":"43e27e138ebf9cfc5966b082cf9a028302ed4184","hash":"7d2969c878eb6b8e18735ea93d5a53e6bce8c72a"}
,"C:\\Users\\Yehor_Remizov\\Progects\\Lab_react_app\\Part_4_example\\reactjs-films-homework\\src\\components\\MovieListItem\\TrailerError\\index.js": {"path":"C:\\Users\\Yehor_Remizov\\Progects\\Lab_react_app\\Part_4_example\\reactjs-films-homework\\src\\components\\MovieListItem\\TrailerError\\index.js","statementMap":{},"fnMap":{},"branchMap":{},"s":{},"f":{},"b":{},"_coverageSchema":"43e27e138ebf9cfc5966b082cf9a028302ed4184","hash":"f0c2f8cc02eefb9b0754b751dfc8458d72bbd9bb"}
,"C:\\Users\\Yehor_Remizov\\Progects\\Lab_react_app\\Part_4_example\\reactjs-films-homework\\src\\components\\MoviewList\\MovieList.jsx": {"path":"C:\\Users\\Yehor_Remizov\\Progects\\Lab_react_app\\Part_4_example\\reactjs-films-homework\\src\\components\\MoviewList\\MovieList.jsx","statementMap":{"0":{"start":{"line":24,"column":4},"end":{"line":24,"column":17}},"1":{"start":{"line":25,"column":4},"end":{"line":25,"column":31}},"2":{"start":{"line":40,"column":8},"end":{"line":40,"column":18}},"3":{"start":{"line":42,"column":4},"end":{"line":71,"column":5}},"4":{"start":{"line":43,"column":6},"end":{"line":45,"column":7}},"5":{"start":{"line":44,"column":8},"end":{"line":44,"column":23}},"6":{"start":{"line":46,"column":6},"end":{"line":46,"column":22}},"7":{"start":{"line":47,"column":6},"end":{"line":47,"column":23}},"8":{"start":{"line":50,"column":11},"end":{"line":71,"column":5}},"9":{"start":{"line":51,"column":21},"end":{"line":51,"column":57}},"10":{"start":{"line":52,"column":20},"end":{"line":52,"column":39}},"11":{"start":{"line":53,"column":17},"end":{"line":53,"column":33}},"12":{"start":{"line":54,"column":6},"end":{"line":69,"column":7}},"13":{"start":{"line":56,"column":10},"end":{"line":56,"column":26}},"14":{"start":{"line":57,"column":10},"end":{"line":57,"column":16}},"15":{"start":{"line":59,"column":10},"end":{"line":59,"column":30}},"16":{"start":{"line":60,"column":10},"end":{"line":60,"column":16}},"17":{"start":{"line":62,"column":10},"end":{"line":62,"column":30}},"18":{"start":{"line":63,"column":10},"end":{"line":63,"column":16}},"19":{"start":{"line":65,"column":10},"end":{"line":65,"column":32}},"20":{"start":{"line":66,"column":10},"end":{"line":66,"column":16}},"21":{"start":{"line":68,"column":10},"end":{"line":68,"column":27}},"22":{"start":{"line":70,"column":6},"end":{"line":70,"column":62}},"23":{"start":{"line":75,"column":27},"end":{"line":75,"column":29}},"24":{"start":{"line":76,"column":22},"end":{"line":76,"column":32}},"25":{"start":{"line":77,"column":4},"end":{"line":89,"column":5}},"26":{"start":{"line":78,"column":6},"end":{"line":88,"column":9}},"27":{"start":{"line":79,"column":8},"end":{"line":87,"column":10}},"28":{"start":{"line":91,"column":4},"end":{"line":98,"column":6}},"29":{"start":{"line":103,"column":0},"end":{"line":107,"column":2}},"30":{"start":{"line":109,"column":24},"end":{"line":109,"column":51}},"31":{"start":{"line":109,"column":34},"end":{"line":109,"column":50}},"32":{"start":{"line":110,"column":27},"end":{"line":135,"column":2}},"33":{"start":{"line":110,"column":40},"end":{"line":135,"column":1}},"34":{"start":{"line":112,"column":4},"end":{"line":112,"column":29}},"35":{"start":{"line":115,"column":4},"end":{"line":115,"column":29}},"36":{"start":{"line":118,"column":4},"end":{"line":118,"column":34}},"37":{"start":{"line":121,"column":4},"end":{"line":121,"column":31}},"38":{"start":{"line":124,"column":4},"end":{"line":124,"column":26}},"39":{"start":{"line":127,"column":4},"end":{"line":127,"column":35}},"40":{"start":{"line":130,"column":4},"end":{"line":130,"column":28}},"41":{"start":{"line":133,"column":4},"end":{"line":133,"column":35}},"42":{"start":{"line":137,"column":0},"end":{"line":148,"column":2}}},"fnMap":{"0":{"name":"(anonymous_0)","decl":{"start":{"line":23,"column":2},"end":{"line":23,"column":3}},"loc":{"start":{"line":23,"column":21},"end":{"line":26,"column":3}},"line":23},"1":{"name":"(anonymous_1)","decl":{"start":{"line":28,"column":2},"end":{"line":28,"column":3}},"loc":{"start":{"line":28,"column":22},"end":{"line":72,"column":3}},"line":28},"2":{"name":"(anonymous_2)","decl":{"start":{"line":74,"column":2},"end":{"line":74,"column":3}},"loc":{"start":{"line":74,"column":11},"end":{"line":99,"column":3}},"line":74},"3":{"name":"(anonymous_3)","decl":{"start":{"line":78,"column":48},"end":{"line":78,"column":49}},"loc":{"start":{"line":79,"column":8},"end":{"line":87,"column":10}},"line":79},"4":{"name":"(anonymous_4)","decl":{"start":{"line":109,"column":24},"end":{"line":109,"column":25}},"loc":{"start":{"line":109,"column":34},"end":{"line":109,"column":50}},"line":109},"5":{"name":"(anonymous_5)","decl":{"start":{"line":110,"column":27},"end":{"line":110,"column":28}},"loc":{"start":{"line":110,"column":40},"end":{"line":135,"column":1}},"line":110},"6":{"name":"(anonymous_6)","decl":{"start":{"line":111,"column":17},"end":{"line":111,"column":18}},"loc":{"start":{"line":111,"column":23},"end":{"line":113,"column":3}},"line":111},"7":{"name":"(anonymous_7)","decl":{"start":{"line":114,"column":18},"end":{"line":114,"column":19}},"loc":{"start":{"line":114,"column":24},"end":{"line":116,"column":3}},"line":114},"8":{"name":"(anonymous_8)","decl":{"start":{"line":117,"column":21},"end":{"line":117,"column":22}},"loc":{"start":{"line":117,"column":29},"end":{"line":119,"column":3}},"line":117},"9":{"name":"(anonymous_9)","decl":{"start":{"line":120,"column":13},"end":{"line":120,"column":14}},"loc":{"start":{"line":120,"column":25},"end":{"line":122,"column":3}},"line":120},"10":{"name":"(anonymous_10)","decl":{"start":{"line":123,"column":16},"end":{"line":123,"column":17}},"loc":{"start":{"line":123,"column":22},"end":{"line":125,"column":3}},"line":123},"11":{"name":"(anonymous_11)","decl":{"start":{"line":126,"column":21},"end":{"line":126,"column":22}},"loc":{"start":{"line":126,"column":29},"end":{"line":128,"column":3}},"line":126},"12":{"name":"(anonymous_12)","decl":{"start":{"line":129,"column":21},"end":{"line":129,"column":22}},"loc":{"start":{"line":129,"column":27},"end":{"line":131,"column":3}},"line":129},"13":{"name":"(anonymous_13)","decl":{"start":{"line":132,"column":23},"end":{"line":132,"column":24}},"loc":{"start":{"line":132,"column":29},"end":{"line":134,"column":3}},"line":132}},"branchMap":{"0":{"loc":{"start":{"line":42,"column":4},"end":{"line":71,"column":5}},"type":"if","locations":[{"start":{"line":42,"column":4},"end":{"line":71,"column":5}},{"start":{"line":42,"column":4},"end":{"line":71,"column":5}}],"line":42},"1":{"loc":{"start":{"line":43,"column":6},"end":{"line":45,"column":7}},"type":"if","locations":[{"start":{"line":43,"column":6},"end":{"line":45,"column":7}},{"start":{"line":43,"column":6},"end":{"line":45,"column":7}}],"line":43},"2":{"loc":{"start":{"line":50,"column":11},"end":{"line":71,"column":5}},"type":"if","locations":[{"start":{"line":50,"column":11},"end":{"line":71,"column":5}},{"start":{"line":50,"column":11},"end":{"line":71,"column":5}}],"line":50},"3":{"loc":{"start":{"line":54,"column":6},"end":{"line":69,"column":7}},"type":"switch","locations":[{"start":{"line":55,"column":8},"end":{"line":57,"column":16}},{"start":{"line":58,"column":8},"end":{"line":60,"column":16}},{"start":{"line":61,"column":8},"end":{"line":63,"column":16}},{"start":{"line":64,"column":8},"end":{"line":66,"column":16}},{"start":{"line":67,"column":8},"end":{"line":68,"column":27}}],"line":54},"4":{"loc":{"start":{"line":70,"column":6},"end":{"line":70,"column":61}},"type":"cond-expr","locations":[{"start":{"line":70,"column":21},"end":{"line":70,"column":37}},{"start":{"line":70,"column":40},"end":{"line":70,"column":61}}],"line":70},"5":{"loc":{"start":{"line":77,"column":4},"end":{"line":89,"column":5}},"type":"if","locations":[{"start":{"line":77,"column":4},"end":{"line":89,"column":5}},{"start":{"line":77,"column":4},"end":{"line":89,"column":5}}],"line":77}},"s":{"0":0,"1":0,"2":0,"3":0,"4":0,"5":0,"6":0,"7":0,"8":0,"9":0,"10":0,"11":0,"12":0,"13":0,"14":0,"15":0,"16":0,"17":0,"18":0,"19":0,"20":0,"21":0,"22":0,"23":0,"24":0,"25":0,"26":0,"27":0,"28":0,"29":0,"30":0,"31":0,"32":0,"33":0,"34":0,"35":0,"36":0,"37":0,"38":0,"39":0,"40":0,"41":0,"42":0},"f":{"0":0,"1":0,"2":0,"3":0,"4":0,"5":0,"6":0,"7":0,"8":0,"9":0,"10":0,"11":0,"12":0,"13":0},"b":{"0":[0,0],"1":[0,0],"2":[0,0],"3":[0,0,0,0,0],"4":[0,0],"5":[0,0]}}
,"C:\\Users\\Yehor_Remizov\\Progects\\Lab_react_app\\Part_4_example\\reactjs-films-homework\\src\\components\\MoviewList\\index.js": {"path":"C:\\Users\\Yehor_Remizov\\Progects\\Lab_react_app\\Part_4_example\\reactjs-films-homework\\src\\components\\MoviewList\\index.js","statementMap":{},"fnMap":{},"branchMap":{},"s":{},"f":{},"b":{}}
,"C:\\Users\\Yehor_Remizov\\Progects\\Lab_react_app\\Part_4_example\\reactjs-films-homework\\src\\components\\MoviewList\\MovieListHeader\\MovieListHEader.jsx": {"path":"C:\\Users\\Yehor_Remizov\\Progects\\Lab_react_app\\Part_4_example\\reactjs-films-homework\\src\\components\\MoviewList\\MovieListHeader\\MovieListHEader.jsx","statementMap":{"0":{"start":{"line":9,"column":24},"end":{"line":38,"column":1}},"1":{"start":{"line":14,"column":2},"end":{"line":37,"column":8}},"2":{"start":{"line":41,"column":27},"end":{"line":51,"column":2}},"3":{"start":{"line":41,"column":40},"end":{"line":51,"column":1}},"4":{"start":{"line":43,"column":4},"end":{"line":43,"column":33}},"5":{"start":{"line":46,"column":4},"end":{"line":46,"column":28}},"6":{"start":{"line":49,"column":4},"end":{"line":49,"column":35}},"7":{"start":{"line":54,"column":0},"end":{"line":58,"column":2}}},"fnMap":{"0":{"name":"(anonymous_0)","decl":{"start":{"line":9,"column":24},"end":{"line":9,"column":25}},"loc":{"start":{"line":14,"column":2},"end":{"line":37,"column":8}},"line":14},"1":{"name":"(anonymous_1)","decl":{"start":{"line":41,"column":27},"end":{"line":41,"column":28}},"loc":{"start":{"line":41,"column":40},"end":{"line":51,"column":1}},"line":41},"2":{"name":"(anonymous_2)","decl":{"start":{"line":42,"column":21},"end":{"line":42,"column":22}},"loc":{"start":{"line":42,"column":27},"end":{"line":44,"column":3}},"line":42},"3":{"name":"(anonymous_3)","decl":{"start":{"line":45,"column":21},"end":{"line":45,"column":22}},"loc":{"start":{"line":45,"column":27},"end":{"line":47,"column":3}},"line":45},"4":{"name":"(anonymous_4)","decl":{"start":{"line":48,"column":23},"end":{"line":48,"column":24}},"loc":{"start":{"line":48,"column":29},"end":{"line":50,"column":3}},"line":48}},"branchMap":{},"s":{"0":0,"1":0,"2":0,"3":0,"4":0,"5":0,"6":0,"7":0},"f":{"0":0,"1":0,"2":0,"3":0,"4":0},"b":{}}
,"C:\\Users\\Yehor_Remizov\\Progects\\Lab_react_app\\Part_4_example\\reactjs-films-homework\\src\\components\\MoviewList\\MovieListHeader\\index.js": {"path":"C:\\Users\\Yehor_Remizov\\Progects\\Lab_react_app\\Part_4_example\\reactjs-films-homework\\src\\components\\MoviewList\\MovieListHeader\\index.js","statementMap":{},"fnMap":{},"branchMap":{},"s":{},"f":{},"b":{}}
,"C:\\Users\\Yehor_Remizov\\Progects\\Lab_react_app\\Part_4_example\\reactjs-films-homework\\src\\components\\adder\\adder.js": {"path":"C:\\Users\\Yehor_Remizov\\Progects\\Lab_react_app\\Part_4_example\\reactjs-films-homework\\src\\components\\adder\\adder.js","statementMap":{"0":{"start":{"line":1,"column":14},"end":{"line":1,"column":29}},"1":{"start":{"line":1,"column":24},"end":{"line":1,"column":29}}},"fnMap":{"0":{"name":"(anonymous_0)","decl":{"start":{"line":1,"column":14},"end":{"line":1,"column":15}},"loc":{"start":{"line":1,"column":24},"end":{"line":1,"column":29}},"line":1}},"branchMap":{},"s":{"0":1,"1":1},"f":{"0":1},"b":{},"_coverageSchema":"43e27e138ebf9cfc5966b082cf9a028302ed4184","hash":"1ae4199df49c999b47cd51a101a5c4186e426fab"}
,"C:\\Users\\Yehor_Remizov\\Progects\\Lab_react_app\\Part_4_example\\reactjs-films-homework\\src\\components\\exampleForTests\\example.jsx": {"path":"C:\\Users\\Yehor_Remizov\\Progects\\Lab_react_app\\Part_4_example\\reactjs-films-homework\\src\\components\\exampleForTests\\example.jsx","statementMap":{"0":{"start":{"line":3,"column":16},"end":{"line":5,"column":1}},"1":{"start":{"line":4,"column":2},"end":{"line":4,"column":20}}},"fnMap":{"0":{"name":"(anonymous_0)","decl":{"start":{"line":3,"column":16},"end":{"line":3,"column":17}},"loc":{"start":{"line":4,"column":2},"end":{"line":4,"column":20}},"line":4}},"branchMap":{},"s":{"0":1,"1":1},"f":{"0":1},"b":{},"_coverageSchema":"43e27e138ebf9cfc5966b082cf9a028302ed4184","hash":"d24be20b233544af9f983e764f746ada804e49ce"}
,"C:\\Users\\Yehor_Remizov\\Progects\\Lab_react_app\\Part_4_example\\reactjs-films-homework\\src\\components\\signature\\index.jsx": {"path":"C:\\Users\\Yehor_Remizov\\Progects\\Lab_react_app\\Part_4_example\\reactjs-films-homework\\src\\components\\signature\\index.jsx","statementMap":{"0":{"start":{"line":6,"column":18},"end":{"line":6,"column":47}},"1":{"start":{"line":6,"column":32},"end":{"line":6,"column":47}},"2":{"start":{"line":8,"column":0},"end":{"line":10,"column":2}}},"fnMap":{"0":{"name":"(anonymous_0)","decl":{"start":{"line":6,"column":18},"end":{"line":6,"column":19}},"loc":{"start":{"line":6,"column":32},"end":{"line":6,"column":47}},"line":6}},"branchMap":{},"s":{"0":0,"1":0,"2":0},"f":{"0":0},"b":{}}
,"C:\\Users\\Yehor_Remizov\\Progects\\Lab_react_app\\Part_4_example\\reactjs-films-homework\\src\\modules\\store.js": {"path":"C:\\Users\\Yehor_Remizov\\Progects\\Lab_react_app\\Part_4_example\\reactjs-films-homework\\src\\modules\\store.js","statementMap":{"0":{"start":{"line":6,"column":14},"end":{"line":6,"column":79}}},"fnMap":{},"branchMap":{},"s":{"0":0},"f":{},"b":{}}
,"C:\\Users\\Yehor_Remizov\\Progects\\Lab_react_app\\Part_4_example\\reactjs-films-homework\\src\\modules\\module_Search\\actions.js": {"path":"C:\\Users\\Yehor_Remizov\\Progects\\Lab_react_app\\Part_4_example\\reactjs-films-homework\\src\\modules\\module_Search\\actions.js","statementMap":{"0":{"start":{"line":1,"column":25},"end":{"line":1,"column":73}},"1":{"start":{"line":1,"column":34},"end":{"line":1,"column":72}},"2":{"start":{"line":3,"column":27},"end":{"line":3,"column":80}},"3":{"start":{"line":3,"column":38},"end":{"line":3,"column":79}},"4":{"start":{"line":5,"column":28},"end":{"line":5,"column":76}},"5":{"start":{"line":5,"column":36},"end":{"line":5,"column":75}},"6":{"start":{"line":7,"column":26},"end":{"line":7,"column":75}},"7":{"start":{"line":7,"column":35},"end":{"line":7,"column":74}},"8":{"start":{"line":9,"column":28},"end":{"line":9,"column":61}},"9":{"start":{"line":9,"column":35},"end":{"line":9,"column":60}},"10":{"start":{"line":11,"column":23},"end":{"line":11,"column":59}},"11":{"start":{"line":11,"column":30},"end":{"line":11,"column":58}},"12":{"start":{"line":13,"column":15},"end":{"line":13,"column":45}},"13":{"start":{"line":14,"column":15},"end":{"line":14,"column":57}},"14":{"start":{"line":15,"column":13},"end":{"line":15,"column":29}},"15":{"start":{"line":17,"column":24},"end":{"line":25,"column":1}},"16":{"start":{"line":17,"column":34},"end":{"line":25,"column":1}},"17":{"start":{"line":18,"column":2},"end":{"line":24,"column":107}},"18":{"start":{"line":20,"column":6},"end":{"line":22,"column":7}},"19":{"start":{"line":21,"column":8},"end":{"line":21,"column":56}},"20":{"start":{"line":23,"column":6},"end":{"line":23,"column":29}},"21":{"start":{"line":24,"column":20},"end":{"line":24,"column":45}},"22":{"start":{"line":24,"column":62},"end":{"line":24,"column":105}},"23":{"start":{"line":27,"column":28},"end":{"line":35,"column":1}},"24":{"start":{"line":27,"column":34},"end":{"line":35,"column":1}},"25":{"start":{"line":28,"column":2},"end":{"line":34,"column":107}},"26":{"start":{"line":30,"column":6},"end":{"line":32,"column":7}},"27":{"start":{"line":31,"column":8},"end":{"line":31,"column":56}},"28":{"start":{"line":33,"column":6},"end":{"line":33,"column":29}},"29":{"start":{"line":34,"column":20},"end":{"line":34,"column":45}},"30":{"start":{"line":34,"column":62},"end":{"line":34,"column":105}},"31":{"start":{"line":37,"column":25},"end":{"line":46,"column":1}},"32":{"start":{"line":37,"column":31},"end":{"line":46,"column":1}},"33":{"start":{"line":38,"column":2},"end":{"line":45,"column":107}},"34":{"start":{"line":40,"column":6},"end":{"line":42,"column":7}},"35":{"start":{"line":41,"column":8},"end":{"line":41,"column":56}},"36":{"start":{"line":43,"column":6},"end":{"line":43,"column":29}},"37":{"start":{"line":45,"column":18},"end":{"line":45,"column":45}},"38":{"start":{"line":45,"column":62},"end":{"line":45,"column":105}},"39":{"start":{"line":48,"column":26},"end":{"line":66,"column":1}},"40":{"start":{"line":49,"column":13},"end":{"line":49,"column":15}},"41":{"start":{"line":50,"column":2},"end":{"line":65,"column":4}},"42":{"start":{"line":51,"column":4},"end":{"line":64,"column":9}},"43":{"start":{"line":53,"column":8},"end":{"line":55,"column":9}},"44":{"start":{"line":54,"column":10},"end":{"line":54,"column":58}},"45":{"start":{"line":56,"column":8},"end":{"line":56,"column":31}},"46":{"start":{"line":57,"column":24},"end":{"line":57,"column":67}},"47":{"start":{"line":59,"column":8},"end":{"line":62,"column":9}},"48":{"start":{"line":60,"column":10},"end":{"line":60,"column":30}},"49":{"start":{"line":61,"column":10},"end":{"line":61,"column":96}},"50":{"start":{"line":63,"column":8},"end":{"line":63,"column":40}},"51":{"start":{"line":68,"column":31},"end":{"line":79,"column":1}},"52":{"start":{"line":69,"column":13},"end":{"line":69,"column":15}},"53":{"start":{"line":70,"column":2},"end":{"line":78,"column":4}},"54":{"start":{"line":71,"column":4},"end":{"line":77,"column":110}},"55":{"start":{"line":73,"column":8},"end":{"line":75,"column":9}},"56":{"start":{"line":74,"column":10},"end":{"line":74,"column":58}},"57":{"start":{"line":76,"column":8},"end":{"line":76,"column":31}},"58":{"start":{"line":77,"column":22},"end":{"line":77,"column":48}},"59":{"start":{"line":77,"column":65},"end":{"line":77,"column":108}},"60":{"start":{"line":81,"column":28},"end":{"line":89,"column":1}},"61":{"start":{"line":81,"column":34},"end":{"line":89,"column":1}},"62":{"start":{"line":82,"column":2},"end":{"line":88,"column":108}},"63":{"start":{"line":84,"column":6},"end":{"line":86,"column":7}},"64":{"start":{"line":85,"column":8},"end":{"line":85,"column":56}},"65":{"start":{"line":87,"column":6},"end":{"line":87,"column":29}},"66":{"start":{"line":88,"column":20},"end":{"line":88,"column":46}},"67":{"start":{"line":88,"column":63},"end":{"line":88,"column":106}},"68":{"start":{"line":91,"column":32},"end":{"line":99,"column":1}},"69":{"start":{"line":91,"column":38},"end":{"line":99,"column":1}},"70":{"start":{"line":92,"column":2},"end":{"line":98,"column":107}},"71":{"start":{"line":94,"column":6},"end":{"line":96,"column":7}},"72":{"start":{"line":95,"column":8},"end":{"line":95,"column":56}},"73":{"start":{"line":97,"column":6},"end":{"line":97,"column":29}},"74":{"start":{"line":98,"column":20},"end":{"line":98,"column":45}},"75":{"start":{"line":98,"column":62},"end":{"line":98,"column":105}},"76":{"start":{"line":101,"column":27},"end":{"line":109,"column":1}},"77":{"start":{"line":101,"column":33},"end":{"line":109,"column":1}},"78":{"start":{"line":102,"column":2},"end":{"line":108,"column":107}},"79":{"start":{"line":104,"column":6},"end":{"line":106,"column":7}},"80":{"start":{"line":105,"column":8},"end":{"line":105,"column":56}},"81":{"start":{"line":107,"column":6},"end":{"line":107,"column":29}},"82":{"start":{"line":108,"column":20},"end":{"line":108,"column":45}},"83":{"start":{"line":108,"column":62},"end":{"line":108,"column":105}},"84":{"start":{"line":111,"column":34},"end":{"line":119,"column":1}},"85":{"start":{"line":111,"column":40},"end":{"line":119,"column":1}},"86":{"start":{"line":112,"column":2},"end":{"line":118,"column":107}},"87":{"start":{"line":114,"column":6},"end":{"line":116,"column":7}},"88":{"start":{"line":115,"column":8},"end":{"line":115,"column":56}},"89":{"start":{"line":117,"column":6},"end":{"line":117,"column":29}},"90":{"start":{"line":118,"column":20},"end":{"line":118,"column":45}},"91":{"start":{"line":118,"column":62},"end":{"line":118,"column":105}}},"fnMap":{"0":{"name":"(anonymous_0)","decl":{"start":{"line":1,"column":25},"end":{"line":1,"column":26}},"loc":{"start":{"line":1,"column":34},"end":{"line":1,"column":72}},"line":1},"1":{"name":"(anonymous_1)","decl":{"start":{"line":3,"column":27},"end":{"line":3,"column":28}},"loc":{"start":{"line":3,"column":38},"end":{"line":3,"column":79}},"line":3},"2":{"name":"(anonymous_2)","decl":{"start":{"line":5,"column":28},"end":{"line":5,"column":29}},"loc":{"start":{"line":5,"column":36},"end":{"line":5,"column":75}},"line":5},"3":{"name":"(anonymous_3)","decl":{"start":{"line":7,"column":26},"end":{"line":7,"column":27}},"loc":{"start":{"line":7,"column":35},"end":{"line":7,"column":74}},"line":7},"4":{"name":"(anonymous_4)","decl":{"start":{"line":9,"column":28},"end":{"line":9,"column":29}},"loc":{"start":{"line":9,"column":35},"end":{"line":9,"column":60}},"line":9},"5":{"name":"(anonymous_5)","decl":{"start":{"line":11,"column":23},"end":{"line":11,"column":24}},"loc":{"start":{"line":11,"column":30},"end":{"line":11,"column":58}},"line":11},"6":{"name":"(anonymous_6)","decl":{"start":{"line":17,"column":24},"end":{"line":17,"column":25}},"loc":{"start":{"line":17,"column":34},"end":{"line":25,"column":1}},"line":17},"7":{"name":"(anonymous_7)","decl":{"start":{"line":17,"column":34},"end":{"line":17,"column":35}},"loc":{"start":{"line":17,"column":48},"end":{"line":25,"column":1}},"line":17},"8":{"name":"(anonymous_8)","decl":{"start":{"line":19,"column":10},"end":{"line":19,"column":11}},"loc":{"start":{"line":19,"column":24},"end":{"line":24,"column":5}},"line":19},"9":{"name":"(anonymous_9)","decl":{"start":{"line":24,"column":12},"end":{"line":24,"column":13}},"loc":{"start":{"line":24,"column":20},"end":{"line":24,"column":45}},"line":24},"10":{"name":"(anonymous_10)","decl":{"start":{"line":24,"column":53},"end":{"line":24,"column":54}},"loc":{"start":{"line":24,"column":62},"end":{"line":24,"column":105}},"line":24},"11":{"name":"(anonymous_11)","decl":{"start":{"line":27,"column":28},"end":{"line":27,"column":29}},"loc":{"start":{"line":27,"column":34},"end":{"line":35,"column":1}},"line":27},"12":{"name":"(anonymous_12)","decl":{"start":{"line":27,"column":34},"end":{"line":27,"column":35}},"loc":{"start":{"line":27,"column":48},"end":{"line":35,"column":1}},"line":27},"13":{"name":"(anonymous_13)","decl":{"start":{"line":29,"column":10},"end":{"line":29,"column":11}},"loc":{"start":{"line":29,"column":24},"end":{"line":34,"column":5}},"line":29},"14":{"name":"(anonymous_14)","decl":{"start":{"line":34,"column":12},"end":{"line":34,"column":13}},"loc":{"start":{"line":34,"column":20},"end":{"line":34,"column":45}},"line":34},"15":{"name":"(anonymous_15)","decl":{"start":{"line":34,"column":53},"end":{"line":34,"column":54}},"loc":{"start":{"line":34,"column":62},"end":{"line":34,"column":105}},"line":34},"16":{"name":"(anonymous_16)","decl":{"start":{"line":37,"column":25},"end":{"line":37,"column":26}},"loc":{"start":{"line":37,"column":31},"end":{"line":46,"column":1}},"line":37},"17":{"name":"(anonymous_17)","decl":{"start":{"line":37,"column":31},"end":{"line":37,"column":32}},"loc":{"start":{"line":37,"column":45},"end":{"line":46,"column":1}},"line":37},"18":{"name":"(anonymous_18)","decl":{"start":{"line":39,"column":10},"end":{"line":39,"column":11}},"loc":{"start":{"line":39,"column":24},"end":{"line":44,"column":5}},"line":39},"19":{"name":"(anonymous_19)","decl":{"start":{"line":45,"column":10},"end":{"line":45,"column":11}},"loc":{"start":{"line":45,"column":18},"end":{"line":45,"column":45}},"line":45},"20":{"name":"(anonymous_20)","decl":{"start":{"line":45,"column":53},"end":{"line":45,"column":54}},"loc":{"start":{"line":45,"column":62},"end":{"line":45,"column":105}},"line":45},"21":{"name":"(anonymous_21)","decl":{"start":{"line":48,"column":26},"end":{"line":48,"column":27}},"loc":{"start":{"line":48,"column":34},"end":{"line":66,"column":1}},"line":48},"22":{"name":"(anonymous_22)","decl":{"start":{"line":50,"column":9},"end":{"line":50,"column":10}},"loc":{"start":{"line":50,"column":23},"end":{"line":65,"column":3}},"line":50},"23":{"name":"(anonymous_23)","decl":{"start":{"line":52,"column":12},"end":{"line":52,"column":13}},"loc":{"start":{"line":52,"column":26},"end":{"line":57,"column":7}},"line":52},"24":{"name":"(anonymous_24)","decl":{"start":{"line":57,"column":15},"end":{"line":57,"column":16}},"loc":{"start":{"line":57,"column":24},"end":{"line":57,"column":67}},"line":57},"25":{"name":"(anonymous_25)","decl":{"start":{"line":58,"column":12},"end":{"line":58,"column":13}},"loc":{"start":{"line":58,"column":22},"end":{"line":64,"column":7}},"line":58},"26":{"name":"(anonymous_26)","decl":{"start":{"line":68,"column":31},"end":{"line":68,"column":32}},"loc":{"start":{"line":68,"column":39},"end":{"line":79,"column":1}},"line":68},"27":{"name":"(anonymous_27)","decl":{"start":{"line":70,"column":9},"end":{"line":70,"column":10}},"loc":{"start":{"line":70,"column":23},"end":{"line":78,"column":3}},"line":70},"28":{"name":"(anonymous_28)","decl":{"start":{"line":72,"column":12},"end":{"line":72,"column":13}},"loc":{"start":{"line":72,"column":26},"end":{"line":77,"column":7}},"line":72},"29":{"name":"(anonymous_29)","decl":{"start":{"line":77,"column":14},"end":{"line":77,"column":15}},"loc":{"start":{"line":77,"column":22},"end":{"line":77,"column":48}},"line":77},"30":{"name":"(anonymous_30)","decl":{"start":{"line":77,"column":56},"end":{"line":77,"column":57}},"loc":{"start":{"line":77,"column":65},"end":{"line":77,"column":108}},"line":77},"31":{"name":"(anonymous_31)","decl":{"start":{"line":81,"column":28},"end":{"line":81,"column":29}},"loc":{"start":{"line":81,"column":34},"end":{"line":89,"column":1}},"line":81},"32":{"name":"(anonymous_32)","decl":{"start":{"line":81,"column":34},"end":{"line":81,"column":35}},"loc":{"start":{"line":81,"column":48},"end":{"line":89,"column":1}},"line":81},"33":{"name":"(anonymous_33)","decl":{"start":{"line":83,"column":10},"end":{"line":83,"column":11}},"loc":{"start":{"line":83,"column":24},"end":{"line":88,"column":5}},"line":83},"34":{"name":"(anonymous_34)","decl":{"start":{"line":88,"column":12},"end":{"line":88,"column":13}},"loc":{"start":{"line":88,"column":20},"end":{"line":88,"column":46}},"line":88},"35":{"name":"(anonymous_35)","decl":{"start":{"line":88,"column":54},"end":{"line":88,"column":55}},"loc":{"start":{"line":88,"column":63},"end":{"line":88,"column":106}},"line":88},"36":{"name":"(anonymous_36)","decl":{"start":{"line":91,"column":32},"end":{"line":91,"column":33}},"loc":{"start":{"line":91,"column":38},"end":{"line":99,"column":1}},"line":91},"37":{"name":"(anonymous_37)","decl":{"start":{"line":91,"column":38},"end":{"line":91,"column":39}},"loc":{"start":{"line":91,"column":52},"end":{"line":99,"column":1}},"line":91},"38":{"name":"(anonymous_38)","decl":{"start":{"line":93,"column":10},"end":{"line":93,"column":11}},"loc":{"start":{"line":93,"column":24},"end":{"line":98,"column":5}},"line":93},"39":{"name":"(anonymous_39)","decl":{"start":{"line":98,"column":12},"end":{"line":98,"column":13}},"loc":{"start":{"line":98,"column":20},"end":{"line":98,"column":45}},"line":98},"40":{"name":"(anonymous_40)","decl":{"start":{"line":98,"column":53},"end":{"line":98,"column":54}},"loc":{"start":{"line":98,"column":62},"end":{"line":98,"column":105}},"line":98},"41":{"name":"(anonymous_41)","decl":{"start":{"line":101,"column":27},"end":{"line":101,"column":28}},"loc":{"start":{"line":101,"column":33},"end":{"line":109,"column":1}},"line":101},"42":{"name":"(anonymous_42)","decl":{"start":{"line":101,"column":33},"end":{"line":101,"column":34}},"loc":{"start":{"line":101,"column":47},"end":{"line":109,"column":1}},"line":101},"43":{"name":"(anonymous_43)","decl":{"start":{"line":103,"column":10},"end":{"line":103,"column":11}},"loc":{"start":{"line":103,"column":24},"end":{"line":108,"column":5}},"line":103},"44":{"name":"(anonymous_44)","decl":{"start":{"line":108,"column":12},"end":{"line":108,"column":13}},"loc":{"start":{"line":108,"column":20},"end":{"line":108,"column":45}},"line":108},"45":{"name":"(anonymous_45)","decl":{"start":{"line":108,"column":53},"end":{"line":108,"column":54}},"loc":{"start":{"line":108,"column":62},"end":{"line":108,"column":105}},"line":108},"46":{"name":"(anonymous_46)","decl":{"start":{"line":111,"column":34},"end":{"line":111,"column":35}},"loc":{"start":{"line":111,"column":40},"end":{"line":119,"column":1}},"line":111},"47":{"name":"(anonymous_47)","decl":{"start":{"line":111,"column":40},"end":{"line":111,"column":41}},"loc":{"start":{"line":111,"column":54},"end":{"line":119,"column":1}},"line":111},"48":{"name":"(anonymous_48)","decl":{"start":{"line":113,"column":10},"end":{"line":113,"column":11}},"loc":{"start":{"line":113,"column":24},"end":{"line":118,"column":5}},"line":113},"49":{"name":"(anonymous_49)","decl":{"start":{"line":118,"column":12},"end":{"line":118,"column":13}},"loc":{"start":{"line":118,"column":20},"end":{"line":118,"column":45}},"line":118},"50":{"name":"(anonymous_50)","decl":{"start":{"line":118,"column":53},"end":{"line":118,"column":54}},"loc":{"start":{"line":118,"column":62},"end":{"line":118,"column":105}},"line":118}},"branchMap":{"0":{"loc":{"start":{"line":20,"column":6},"end":{"line":22,"column":7}},"type":"if","locations":[{"start":{"line":20,"column":6},"end":{"line":22,"column":7}},{"start":{"line":20,"column":6},"end":{"line":22,"column":7}}],"line":20},"1":{"loc":{"start":{"line":30,"column":6},"end":{"line":32,"column":7}},"type":"if","locations":[{"start":{"line":30,"column":6},"end":{"line":32,"column":7}},{"start":{"line":30,"column":6},"end":{"line":32,"column":7}}],"line":30},"2":{"loc":{"start":{"line":40,"column":6},"end":{"line":42,"column":7}},"type":"if","locations":[{"start":{"line":40,"column":6},"end":{"line":42,"column":7}},{"start":{"line":40,"column":6},"end":{"line":42,"column":7}}],"line":40},"3":{"loc":{"start":{"line":53,"column":8},"end":{"line":55,"column":9}},"type":"if","locations":[{"start":{"line":53,"column":8},"end":{"line":55,"column":9}},{"start":{"line":53,"column":8},"end":{"line":55,"column":9}}],"line":53},"4":{"loc":{"start":{"line":59,"column":8},"end":{"line":62,"column":9}},"type":"if","locations":[{"start":{"line":59,"column":8},"end":{"line":62,"column":9}},{"start":{"line":59,"column":8},"end":{"line":62,"column":9}}],"line":59},"5":{"loc":{"start":{"line":73,"column":8},"end":{"line":75,"column":9}},"type":"if","locations":[{"start":{"line":73,"column":8},"end":{"line":75,"column":9}},{"start":{"line":73,"column":8},"end":{"line":75,"column":9}}],"line":73},"6":{"loc":{"start":{"line":84,"column":6},"end":{"line":86,"column":7}},"type":"if","locations":[{"start":{"line":84,"column":6},"end":{"line":86,"column":7}},{"start":{"line":84,"column":6},"end":{"line":86,"column":7}}],"line":84},"7":{"loc":{"start":{"line":94,"column":6},"end":{"line":96,"column":7}},"type":"if","locations":[{"start":{"line":94,"column":6},"end":{"line":96,"column":7}},{"start":{"line":94,"column":6},"end":{"line":96,"column":7}}],"line":94},"8":{"loc":{"start":{"line":104,"column":6},"end":{"line":106,"column":7}},"type":"if","locations":[{"start":{"line":104,"column":6},"end":{"line":106,"column":7}},{"start":{"line":104,"column":6},"end":{"line":106,"column":7}}],"line":104},"9":{"loc":{"start":{"line":114,"column":6},"end":{"line":116,"column":7}},"type":"if","locations":[{"start":{"line":114,"column":6},"end":{"line":116,"column":7}},{"start":{"line":114,"column":6},"end":{"line":116,"column":7}}],"line":114}},"s":{"0":5,"1":1,"2":5,"3":1,"4":5,"5":1,"6":5,"7":1,"8":5,"9":1,"10":5,"11":1,"12":5,"13":5,"14":5,"15":5,"16":0,"17":0,"18":0,"19":0,"20":0,"21":0,"22":0,"23":5,"24":0,"25":0,"26":0,"27":0,"28":0,"29":0,"30":0,"31":5,"32":0,"33":0,"34":0,"35":0,"36":0,"37":0,"38":0,"39":5,"40":0,"41":0,"42":0,"43":0,"44":0,"45":0,"46":0,"47":0,"48":0,"49":0,"50":0,"51":5,"52":0,"53":0,"54":0,"55":0,"56":0,"57":0,"58":0,"59":0,"60":5,"61":0,"62":0,"63":0,"64":0,"65":0,"66":0,"67":0,"68":5,"69":0,"70":0,"71":0,"72":0,"73":0,"74":0,"75":0,"76":5,"77":0,"78":0,"79":0,"80":0,"81":0,"82":0,"83":0,"84":5,"85":0,"86":0,"87":0,"88":0,"89":0,"90":0,"91":0},"f":{"0":1,"1":1,"2":1,"3":1,"4":1,"5":1,"6":0,"7":0,"8":0,"9":0,"10":0,"11":0,"12":0,"13":0,"14":0,"15":0,"16":0,"17":0,"18":0,"19":0,"20":0,"21":0,"22":0,"23":0,"24":0,"25":0,"26":0,"27":0,"28":0,"29":0,"30":0,"31":0,"32":0,"33":0,"34":0,"35":0,"36":0,"37":0,"38":0,"39":0,"40":0,"41":0,"42":0,"43":0,"44":0,"45":0,"46":0,"47":0,"48":0,"49":0,"50":0},"b":{"0":[0,0],"1":[0,0],"2":[0,0],"3":[0,0],"4":[0,0],"5":[0,0],"6":[0,0],"7":[0,0],"8":[0,0],"9":[0,0]},"_coverageSchema":"43e27e138ebf9cfc5966b082cf9a028302ed4184","hash":"1e70c0d2c52a50ea0ec57cda5afeecd056e55f2d"}
,"C:\\Users\\Yehor_Remizov\\Progects\\Lab_react_app\\Part_4_example\\reactjs-films-homework\\src\\modules\\module_Search\\reducer.js": {"path":"C:\\Users\\Yehor_Remizov\\Progects\\Lab_react_app\\Part_4_example\\reactjs-films-homework\\src\\modules\\module_Search\\reducer.js","statementMap":{"0":{"start":{"line":1,"column":21},"end":{"line":5,"column":1}},"1":{"start":{"line":8,"column":2},"end":{"line":22,"column":3}},"2":{"start":{"line":10,"column":6},"end":{"line":10,"column":55}},"3":{"start":{"line":12,"column":6},"end":{"line":12,"column":69}},"4":{"start":{"line":14,"column":6},"end":{"line":14,"column":65}},"5":{"start":{"line":16,"column":6},"end":{"line":16,"column":46}},"6":{"start":{"line":18,"column":6},"end":{"line":18,"column":47}},"7":{"start":{"line":20,"column":6},"end":{"line":20,"column":63}},"8":{"start":{"line":21,"column":13},"end":{"line":21,"column":26}}},"fnMap":{"0":{"name":"reducer","decl":{"start":{"line":7,"column":9},"end":{"line":7,"column":16}},"loc":{"start":{"line":7,"column":47},"end":{"line":23,"column":1}},"line":7}},"branchMap":{"0":{"loc":{"start":{"line":7,"column":17},"end":{"line":7,"column":37}},"type":"default-arg","locations":[{"start":{"line":7,"column":25},"end":{"line":7,"column":37}}],"line":7},"1":{"loc":{"start":{"line":8,"column":2},"end":{"line":22,"column":3}},"type":"switch","locations":[{"start":{"line":9,"column":4},"end":{"line":10,"column":55}},{"start":{"line":11,"column":4},"end":{"line":12,"column":69}},{"start":{"line":13,"column":4},"end":{"line":14,"column":65}},{"start":{"line":15,"column":4},"end":{"line":16,"column":46}},{"start":{"line":17,"column":4},"end":{"line":18,"column":47}},{"start":{"line":19,"column":4},"end":{"line":20,"column":63}},{"start":{"line":21,"column":4},"end":{"line":21,"column":26}}],"line":8}},"s":{"0":1,"1":7,"2":1,"3":1,"4":1,"5":1,"6":1,"7":1,"8":1},"f":{"0":7},"b":{"0":[7],"1":[1,1,1,1,1,1,1]},"_coverageSchema":"43e27e138ebf9cfc5966b082cf9a028302ed4184","hash":"cf8d204f5135c8709b8be96697f0039316f09514"}
}
