TN:
SF:C:\Users\Yehor_Remizov\Progects\Lab_react_app\Part_4_example\reactjs-films-homework\src\App.jsx
FN:9,(anonymous_0)
FNF:1
FNH:0
FNDA:0,(anonymous_0)
DA:9,0
DA:10,0
DA:11,0
DA:22,0
LF:4
LH:0
BRF:0
BRH:0
end_of_record
TN:
SF:C:\Users\Yehor_Remizov\Progects\Lab_react_app\Part_4_example\reactjs-films-homework\src\buffer.jsx
FN:14,(anonymous_0)
FNF:1
FNH:0
FNDA:0,(anonymous_0)
DA:14,0
DA:15,0
DA:24,0
DA:25,0
LF:4
LH:0
BRF:0
BRH:0
end_of_record
TN:
SF:C:\Users\Yehor_Remizov\Progects\Lab_react_app\Part_4_example\reactjs-films-homework\src\index.js
FNF:0
FNH:0
DA:3,0
DA:5,0
DA:6,0
LF:3
LH:0
BRDA:5,0,0,0
BRDA:5,0,1,0
BRF:2
BRH:0
end_of_record
TN:
SF:C:\Users\Yehor_Remizov\Progects\Lab_react_app\Part_4_example\reactjs-films-homework\src\components\MovieDetailsPage\MovieDetailsPage.jsx
FN:11,(anonymous_0)
FN:33,(anonymous_1)
FNF:2
FNH:1
FNDA:2,(anonymous_0)
FNDA:0,(anonymous_1)
DA:11,1
DA:12,2
DA:13,2
DA:14,1
DA:19,1
DA:30,1
DA:33,1
DA:35,1
LF:8
LH:8
BRDA:13,0,0,1
BRDA:13,0,1,1
BRF:2
BRH:2
end_of_record
TN:
SF:C:\Users\Yehor_Remizov\Progects\Lab_react_app\Part_4_example\reactjs-films-homework\src\components\MovieDetailsPage\index.js
FNF:0
FNH:0
LF:0
LH:0
BRF:0
BRH:0
end_of_record
TN:
SF:C:\Users\Yehor_Remizov\Progects\Lab_react_app\Part_4_example\reactjs-films-homework\src\components\MovieDetailsPageAction\Action.jsx
FN:12,(anonymous_0)
FN:21,(anonymous_1)
FN:26,(anonymous_2)
FN:33,(anonymous_3)
FN:38,(anonymous_4)
FN:43,(anonymous_5)
FN:85,(anonymous_6)
FN:90,(anonymous_7)
FN:91,(anonymous_8)
FN:94,(anonymous_9)
FNF:10
FNH:4
FNDA:1,(anonymous_0)
FNDA:0,(anonymous_1)
FNDA:1,(anonymous_2)
FNDA:1,(anonymous_3)
FNDA:3,(anonymous_4)
FNDA:0,(anonymous_5)
FNDA:0,(anonymous_6)
FNDA:0,(anonymous_7)
FNDA:0,(anonymous_8)
FNDA:0,(anonymous_9)
DA:13,1
DA:14,1
DA:18,1
DA:22,0
DA:23,0
DA:27,1
DA:28,1
DA:29,1
DA:30,1
DA:34,1
DA:35,1
DA:39,3
DA:40,3
DA:41,3
DA:42,3
DA:43,3
DA:44,0
DA:45,0
DA:47,3
DA:71,3
DA:80,3
DA:85,3
DA:90,3
DA:92,0
DA:94,0
LF:25
LH:19
BRDA:41,0,0,0
BRDA:41,0,1,3
BRDA:53,1,0,1
BRDA:53,1,1,2
BRF:4
BRH:3
end_of_record
TN:
SF:C:\Users\Yehor_Remizov\Progects\Lab_react_app\Part_4_example\reactjs-films-homework\src\components\MovieDetailsPageAction\index.js
FNF:0
FNH:0
LF:0
LH:0
BRF:0
BRH:0
end_of_record
TN:
SF:C:\Users\Yehor_Remizov\Progects\Lab_react_app\Part_4_example\reactjs-films-homework\src\components\MovieDetailsPageFooter\MovieDetailsPageFooter.jsx
FN:9,(anonymous_0)
FN:39,(anonymous_1)
FNF:2
FNH:1
FNDA:2,(anonymous_0)
FNDA:0,(anonymous_1)
DA:9,2
DA:10,2
DA:11,1
DA:12,1
DA:13,1
DA:14,1
DA:15,1
DA:28,1
DA:31,2
DA:35,2
DA:39,2
LF:11
LH:11
BRDA:10,0,0,1
BRDA:10,0,1,1
BRF:2
BRH:2
end_of_record
TN:
SF:C:\Users\Yehor_Remizov\Progects\Lab_react_app\Part_4_example\reactjs-films-homework\src\components\MovieDetailsPageFooter\index.js
FNF:0
FNH:0
LF:0
LH:0
BRF:0
BRH:0
end_of_record
TN:
SF:C:\Users\Yehor_Remizov\Progects\Lab_react_app\Part_4_example\reactjs-films-homework\src\components\MovieDetailsPageNav\MovieDetailsPageNav.jsx
FN:11,(anonymous_0)
FN:18,(anonymous_1)
FN:30,(anonymous_2)
FN:36,(anonymous_3)
FN:70,(anonymous_4)
FN:71,(anonymous_5)
FN:72,(anonymous_6)
FN:75,(anonymous_7)
FNF:8
FNH:2
FNDA:1,(anonymous_0)
FNDA:0,(anonymous_1)
FNDA:0,(anonymous_2)
FNDA:1,(anonymous_3)
FNDA:0,(anonymous_4)
FNDA:0,(anonymous_5)
FNDA:0,(anonymous_6)
FNDA:0,(anonymous_7)
DA:12,1
DA:13,1
DA:19,0
DA:20,0
DA:21,0
DA:24,0
DA:25,0
DA:27,0
DA:31,0
DA:37,1
DA:38,1
DA:58,2
DA:64,2
DA:70,2
DA:71,2
DA:73,0
DA:76,0
LF:17
LH:8
BRDA:24,0,0,0
BRDA:24,0,1,0
BRF:2
BRH:0
end_of_record
TN:
SF:C:\Users\Yehor_Remizov\Progects\Lab_react_app\Part_4_example\reactjs-films-homework\src\components\MovieDetailsPageNav\index.js
FNF:0
FNH:0
LF:0
LH:0
BRF:0
BRH:0
end_of_record
TN:
SF:C:\Users\Yehor_Remizov\Progects\Lab_react_app\Part_4_example\reactjs-films-homework\src\components\MovieDetailsPageStarRating\StarRating.jsx
FN:7,(anonymous_0)
FN:12,(anonymous_1)
FN:13,(anonymous_2)
FN:14,(anonymous_3)
FNF:4
FNH:4
FNDA:1,(anonymous_0)
FNDA:1,(anonymous_1)
FNDA:1,(anonymous_2)
FNDA:1,(anonymous_3)
DA:7,3
DA:10,1
DA:11,1
DA:12,1
DA:13,1
DA:14,1
DA:15,1
DA:41,3
DA:52,3
LF:9
LH:9
BRF:0
BRH:0
end_of_record
TN:
SF:C:\Users\Yehor_Remizov\Progects\Lab_react_app\Part_4_example\reactjs-films-homework\src\components\MovieDetailsPageStarRating\index.js
FNF:0
FNH:0
LF:0
LH:0
BRF:0
BRH:0
end_of_record
TN:
SF:C:\Users\Yehor_Remizov\Progects\Lab_react_app\Part_4_example\reactjs-films-homework\src\components\MovieListItem\MovieListItem.jsx
FN:16,(anonymous_0)
FN:21,(anonymous_1)
FN:24,(anonymous_2)
FN:30,(anonymous_3)
FN:31,(anonymous_4)
FN:36,(anonymous_5)
FN:37,(anonymous_6)
FN:42,(anonymous_7)
FN:43,(anonymous_8)
FN:48,(anonymous_9)
FN:50,(anonymous_10)
FN:56,(anonymous_11)
FN:62,(anonymous_12)
FN:115,(anonymous_13)
FN:168,(anonymous_14)
FN:170,(anonymous_15)
FN:171,(anonymous_16)
FN:174,(anonymous_17)
FNF:18
FNH:0
FNDA:0,(anonymous_0)
FNDA:0,(anonymous_1)
FNDA:0,(anonymous_2)
FNDA:0,(anonymous_3)
FNDA:0,(anonymous_4)
FNDA:0,(anonymous_5)
FNDA:0,(anonymous_6)
FNDA:0,(anonymous_7)
FNDA:0,(anonymous_8)
FNDA:0,(anonymous_9)
FNDA:0,(anonymous_10)
FNDA:0,(anonymous_11)
FNDA:0,(anonymous_12)
FNDA:0,(anonymous_13)
FNDA:0,(anonymous_14)
FNDA:0,(anonymous_15)
FNDA:0,(anonymous_16)
FNDA:0,(anonymous_17)
DA:17,0
DA:18,0
DA:22,0
DA:23,0
DA:24,0
DA:31,0
DA:37,0
DA:43,0
DA:49,0
DA:50,0
DA:57,0
DA:58,0
DA:59,0
DA:63,0
DA:72,0
DA:73,0
DA:76,0
DA:77,0
DA:91,0
DA:92,0
DA:113,0
DA:114,0
DA:115,0
DA:116,0
DA:117,0
DA:119,0
DA:137,0
DA:147,0
DA:160,0
DA:168,0
DA:170,0
DA:172,0
DA:174,0
LF:33
LH:0
BRDA:23,0,0,0
BRDA:23,0,1,0
BRDA:76,1,0,0
BRDA:76,1,1,0
BRDA:76,2,0,0
BRDA:76,2,1,0
BRDA:91,3,0,0
BRDA:91,3,1,0
BRDA:96,4,0,0
BRDA:96,4,1,0
BRDA:113,5,0,0
BRDA:113,5,1,0
BRF:12
BRH:0
end_of_record
TN:
SF:C:\Users\Yehor_Remizov\Progects\Lab_react_app\Part_4_example\reactjs-films-homework\src\components\MovieListItem\index.js
FNF:0
FNH:0
LF:0
LH:0
BRF:0
BRH:0
end_of_record
TN:
SF:C:\Users\Yehor_Remizov\Progects\Lab_react_app\Part_4_example\reactjs-films-homework\src\components\MovieListItem\ButtonsHover\ButtonHover.jsx
FN:9,(anonymous_0)
FN:17,(anonymous_1)
FN:26,(anonymous_2)
FN:69,(anonymous_3)
FN:70,(anonymous_4)
FNF:5
FNH:0
FNDA:0,(anonymous_0)
FNDA:0,(anonymous_1)
FNDA:0,(anonymous_2)
FNDA:0,(anonymous_3)
FNDA:0,(anonymous_4)
DA:9,0
DA:17,0
DA:18,0
DA:19,0
DA:20,0
DA:22,0
DA:26,0
DA:27,0
DA:28,0
DA:31,0
DA:32,0
DA:33,0
DA:35,0
DA:60,0
DA:69,0
DA:71,0
LF:16
LH:0
BRDA:33,0,0,0
BRDA:33,0,1,0
BRF:2
BRH:0
end_of_record
TN:
SF:C:\Users\Yehor_Remizov\Progects\Lab_react_app\Part_4_example\reactjs-films-homework\src\components\MovieListItem\ButtonsHover\index.js
FNF:0
FNH:0
LF:0
LH:0
BRF:0
BRH:0
end_of_record
TN:
SF:C:\Users\Yehor_Remizov\Progects\Lab_react_app\Part_4_example\reactjs-films-homework\src\components\MovieListItem\MainInfo\MovieListItemMainInfo.jsx
FN:8,(anonymous_0)
FN:14,(anonymous_1)
FN:15,(anonymous_2)
FN:41,(anonymous_3)
FNF:4
FNH:0
FNDA:0,(anonymous_0)
FNDA:0,(anonymous_1)
FNDA:0,(anonymous_2)
FNDA:0,(anonymous_3)
DA:8,0
DA:11,0
DA:12,0
DA:13,0
DA:14,0
DA:15,0
DA:18,0
DA:28,0
DA:35,0
DA:41,0
LF:10
LH:0
BRDA:13,0,0,0
BRDA:13,0,1,0
BRF:2
BRH:0
end_of_record
TN:
SF:C:\Users\Yehor_Remizov\Progects\Lab_react_app\Part_4_example\reactjs-films-homework\src\components\MovieListItem\MainInfo\index.js
FNF:0
FNH:0
LF:0
LH:0
BRF:0
BRH:0
end_of_record
TN:
SF:C:\Users\Yehor_Remizov\Progects\Lab_react_app\Part_4_example\reactjs-films-homework\src\components\MovieListItem\Overwiew\Overview.jsx
FN:8,(anonymous_0)
FN:18,(anonymous_1)
FNF:2
FNH:0
FNDA:0,(anonymous_0)
FNDA:0,(anonymous_1)
DA:8,0
DA:18,0
DA:19,0
DA:20,0
DA:21,0
DA:23,0
DA:36,0
DA:47,0
LF:8
LH:0
BRF:0
BRH:0
end_of_record
TN:
SF:C:\Users\Yehor_Remizov\Progects\Lab_react_app\Part_4_example\reactjs-films-homework\src\components\MovieListItem\Overwiew\index.js
FNF:0
FNH:0
LF:0
LH:0
BRF:0
BRH:0
end_of_record
TN:
SF:C:\Users\Yehor_Remizov\Progects\Lab_react_app\Part_4_example\reactjs-films-homework\src\components\MovieListItem\Trailer\Trailer.jsx
FN:11,(anonymous_0)
FN:16,(anonymous_1)
FNF:2
FNH:0
FNDA:0,(anonymous_0)
FNDA:0,(anonymous_1)
DA:7,3
DA:12,0
DA:13,0
DA:17,0
DA:18,0
DA:25,3
LF:6
LH:2
BRF:0
BRH:0
end_of_record
TN:
SF:C:\Users\Yehor_Remizov\Progects\Lab_react_app\Part_4_example\reactjs-films-homework\src\components\MovieListItem\Trailer\index.js
FNF:0
FNH:0
LF:0
LH:0
BRF:0
BRH:0
end_of_record
TN:
SF:C:\Users\Yehor_Remizov\Progects\Lab_react_app\Part_4_example\reactjs-films-homework\src\components\MovieListItem\Trailer\Iframe\Iframe.jsx
FN:4,(anonymous_0)
FNF:1
FNH:0
FNDA:0,(anonymous_0)
DA:4,3
DA:5,0
DA:6,0
DA:8,0
DA:13,3
LF:5
LH:2
BRDA:5,0,0,0
BRDA:5,0,1,0
BRF:2
BRH:0
end_of_record
TN:
SF:C:\Users\Yehor_Remizov\Progects\Lab_react_app\Part_4_example\reactjs-films-homework\src\components\MovieListItem\Trailer\Iframe\index.js
FNF:0
FNH:0
LF:0
LH:0
BRF:0
BRH:0
end_of_record
TN:
SF:C:\Users\Yehor_Remizov\Progects\Lab_react_app\Part_4_example\reactjs-films-homework\src\components\MovieListItem\TrailerError\TrailerError.jsx
FN:7,(anonymous_0)
FN:12,(anonymous_1)
FN:16,(anonymous_2)
FNF:3
FNH:0
FNDA:0,(anonymous_0)
FNDA:0,(anonymous_1)
FNDA:0,(anonymous_2)
DA:8,0
DA:9,0
DA:13,0
DA:17,0
DA:18,0
DA:19,0
DA:20,0
DA:27,0
DA:32,3
LF:9
LH:1
BRDA:19,0,0,0
BRDA:19,0,1,0
BRF:2
BRH:0
end_of_record
TN:
SF:C:\Users\Yehor_Remizov\Progects\Lab_react_app\Part_4_example\reactjs-films-homework\src\components\MovieListItem\TrailerError\index.js
FNF:0
FNH:0
LF:0
LH:0
BRF:0
BRH:0
end_of_record
TN:
SF:C:\Users\Yehor_Remizov\Progects\Lab_react_app\Part_4_example\reactjs-films-homework\src\components\MoviewList\MovieList.jsx
FN:23,(anonymous_0)
FN:28,(anonymous_1)
FN:74,(anonymous_2)
FN:78,(anonymous_3)
FN:109,(anonymous_4)
FN:110,(anonymous_5)
FN:111,(anonymous_6)
FN:114,(anonymous_7)
FN:117,(anonymous_8)
FN:120,(anonymous_9)
FN:123,(anonymous_10)
FN:126,(anonymous_11)
FN:129,(anonymous_12)
FN:132,(anonymous_13)
FNF:14
FNH:0
FNDA:0,(anonymous_0)
FNDA:0,(anonymous_1)
FNDA:0,(anonymous_2)
FNDA:0,(anonymous_3)
FNDA:0,(anonymous_4)
FNDA:0,(anonymous_5)
FNDA:0,(anonymous_6)
FNDA:0,(anonymous_7)
FNDA:0,(anonymous_8)
FNDA:0,(anonymous_9)
FNDA:0,(anonymous_10)
FNDA:0,(anonymous_11)
FNDA:0,(anonymous_12)
FNDA:0,(anonymous_13)
DA:24,0
DA:25,0
DA:40,0
DA:42,0
DA:43,0
DA:44,0
DA:46,0
DA:47,0
DA:50,0
DA:51,0
DA:52,0
DA:53,0
DA:54,0
DA:56,0
DA:57,0
DA:59,0
DA:60,0
DA:62,0
DA:63,0
DA:65,0
DA:66,0
DA:68,0
DA:70,0
DA:75,0
DA:76,0
DA:77,0
DA:78,0
DA:79,0
DA:91,0
DA:103,0
DA:109,0
DA:110,0
DA:112,0
DA:115,0
DA:118,0
DA:121,0
DA:124,0
DA:127,0
DA:130,0
DA:133,0
DA:137,0
LF:41
LH:0
BRDA:42,0,0,0
BRDA:42,0,1,0
BRDA:43,1,0,0
BRDA:43,1,1,0
BRDA:50,2,0,0
BRDA:50,2,1,0
BRDA:54,3,0,0
BRDA:54,3,1,0
BRDA:54,3,2,0
BRDA:54,3,3,0
BRDA:54,3,4,0
BRDA:70,4,0,0
BRDA:70,4,1,0
BRDA:77,5,0,0
BRDA:77,5,1,0
BRF:15
BRH:0
end_of_record
TN:
SF:C:\Users\Yehor_Remizov\Progects\Lab_react_app\Part_4_example\reactjs-films-homework\src\components\MoviewList\index.js
FNF:0
FNH:0
LF:0
LH:0
BRF:0
BRH:0
end_of_record
TN:
SF:C:\Users\Yehor_Remizov\Progects\Lab_react_app\Part_4_example\reactjs-films-homework\src\components\MoviewList\MovieListHeader\MovieListHEader.jsx
FN:9,(anonymous_0)
FN:41,(anonymous_1)
FN:42,(anonymous_2)
FN:45,(anonymous_3)
FN:48,(anonymous_4)
FNF:5
FNH:0
FNDA:0,(anonymous_0)
FNDA:0,(anonymous_1)
FNDA:0,(anonymous_2)
FNDA:0,(anonymous_3)
FNDA:0,(anonymous_4)
DA:9,0
DA:14,0
DA:41,0
DA:43,0
DA:46,0
DA:49,0
DA:54,0
LF:7
LH:0
BRF:0
BRH:0
end_of_record
TN:
SF:C:\Users\Yehor_Remizov\Progects\Lab_react_app\Part_4_example\reactjs-films-homework\src\components\MoviewList\MovieListHeader\index.js
FNF:0
FNH:0
LF:0
LH:0
BRF:0
BRH:0
end_of_record
TN:
SF:C:\Users\Yehor_Remizov\Progects\Lab_react_app\Part_4_example\reactjs-films-homework\src\components\adder\adder.js
FN:1,(anonymous_0)
FNF:1
FNH:1
FNDA:1,(anonymous_0)
DA:1,1
LF:1
LH:1
BRF:0
BRH:0
end_of_record
TN:
SF:C:\Users\Yehor_Remizov\Progects\Lab_react_app\Part_4_example\reactjs-films-homework\src\components\exampleForTests\example.jsx
FN:3,(anonymous_0)
FNF:1
FNH:1
FNDA:1,(anonymous_0)
DA:3,1
DA:4,1
LF:2
LH:2
BRF:0
BRH:0
end_of_record
TN:
SF:C:\Users\Yehor_Remizov\Progects\Lab_react_app\Part_4_example\reactjs-films-homework\src\components\signature\index.jsx
FN:6,(anonymous_0)
FNF:1
FNH:0
FNDA:0,(anonymous_0)
DA:6,0
DA:8,0
LF:2
LH:0
BRF:0
BRH:0
end_of_record
TN:
SF:C:\Users\Yehor_Remizov\Progects\Lab_react_app\Part_4_example\reactjs-films-homework\src\modules\store.js
FNF:0
FNH:0
DA:6,0
LF:1
LH:0
BRF:0
BRH:0
end_of_record
TN:
SF:C:\Users\Yehor_Remizov\Progects\Lab_react_app\Part_4_example\reactjs-films-homework\src\modules\module_Search\actions.js
FN:1,(anonymous_0)
FN:3,(anonymous_1)
FN:5,(anonymous_2)
FN:7,(anonymous_3)
FN:9,(anonymous_4)
FN:11,(anonymous_5)
FN:17,(anonymous_6)
FN:17,(anonymous_7)
FN:19,(anonymous_8)
FN:24,(anonymous_9)
FN:24,(anonymous_10)
FN:27,(anonymous_11)
FN:27,(anonymous_12)
FN:29,(anonymous_13)
FN:34,(anonymous_14)
FN:34,(anonymous_15)
FN:37,(anonymous_16)
FN:37,(anonymous_17)
FN:39,(anonymous_18)
FN:45,(anonymous_19)
FN:45,(anonymous_20)
FN:48,(anonymous_21)
FN:50,(anonymous_22)
FN:52,(anonymous_23)
FN:57,(anonymous_24)
FN:58,(anonymous_25)
FN:68,(anonymous_26)
FN:70,(anonymous_27)
FN:72,(anonymous_28)
FN:77,(anonymous_29)
FN:77,(anonymous_30)
FN:81,(anonymous_31)
FN:81,(anonymous_32)
FN:83,(anonymous_33)
FN:88,(anonymous_34)
FN:88,(anonymous_35)
FN:91,(anonymous_36)
FN:91,(anonymous_37)
FN:93,(anonymous_38)
FN:98,(anonymous_39)
FN:98,(anonymous_40)
FN:101,(anonymous_41)
FN:101,(anonymous_42)
FN:103,(anonymous_43)
FN:108,(anonymous_44)
FN:108,(anonymous_45)
FN:111,(anonymous_46)
FN:111,(anonymous_47)
FN:113,(anonymous_48)
FN:118,(anonymous_49)
FN:118,(anonymous_50)
FNF:51
FNH:6
FNDA:1,(anonymous_0)
FNDA:1,(anonymous_1)
FNDA:1,(anonymous_2)
FNDA:1,(anonymous_3)
FNDA:1,(anonymous_4)
FNDA:1,(anonymous_5)
FNDA:0,(anonymous_6)
FNDA:0,(anonymous_7)
FNDA:0,(anonymous_8)
FNDA:0,(anonymous_9)
FNDA:0,(anonymous_10)
FNDA:0,(anonymous_11)
FNDA:0,(anonymous_12)
FNDA:0,(anonymous_13)
FNDA:0,(anonymous_14)
FNDA:0,(anonymous_15)
FNDA:0,(anonymous_16)
FNDA:0,(anonymous_17)
FNDA:0,(anonymous_18)
FNDA:0,(anonymous_19)
FNDA:0,(anonymous_20)
FNDA:0,(anonymous_21)
FNDA:0,(anonymous_22)
FNDA:0,(anonymous_23)
FNDA:0,(anonymous_24)
FNDA:0,(anonymous_25)
FNDA:0,(anonymous_26)
FNDA:0,(anonymous_27)
FNDA:0,(anonymous_28)
FNDA:0,(anonymous_29)
FNDA:0,(anonymous_30)
FNDA:0,(anonymous_31)
FNDA:0,(anonymous_32)
FNDA:0,(anonymous_33)
FNDA:0,(anonymous_34)
FNDA:0,(anonymous_35)
FNDA:0,(anonymous_36)
FNDA:0,(anonymous_37)
FNDA:0,(anonymous_38)
FNDA:0,(anonymous_39)
FNDA:0,(anonymous_40)
FNDA:0,(anonymous_41)
FNDA:0,(anonymous_42)
FNDA:0,(anonymous_43)
FNDA:0,(anonymous_44)
FNDA:0,(anonymous_45)
FNDA:0,(anonymous_46)
FNDA:0,(anonymous_47)
FNDA:0,(anonymous_48)
FNDA:0,(anonymous_49)
FNDA:0,(anonymous_50)
DA:1,5
DA:3,5
DA:5,5
DA:7,5
DA:9,5
DA:11,5
DA:13,5
DA:14,5
DA:15,5
DA:17,5
DA:18,0
DA:20,0
DA:21,0
DA:23,0
DA:24,0
DA:27,5
DA:28,0
DA:30,0
DA:31,0
DA:33,0
DA:34,0
DA:37,5
DA:38,0
DA:40,0
DA:41,0
DA:43,0
DA:45,0
DA:48,5
DA:49,0
DA:50,0
DA:51,0
DA:53,0
DA:54,0
DA:56,0
DA:57,0
DA:59,0
DA:60,0
DA:61,0
DA:63,0
DA:68,5
DA:69,0
DA:70,0
DA:71,0
DA:73,0
DA:74,0
DA:76,0
DA:77,0
DA:81,5
DA:82,0
DA:84,0
DA:85,0
DA:87,0
DA:88,0
DA:91,5
DA:92,0
DA:94,0
DA:95,0
DA:97,0
DA:98,0
DA:101,5
DA:102,0
DA:104,0
DA:105,0
DA:107,0
DA:108,0
DA:111,5
DA:112,0
DA:114,0
DA:115,0
DA:117,0
DA:118,0
LF:71
LH:18
BRDA:20,0,0,0
BRDA:20,0,1,0
BRDA:30,1,0,0
BRDA:30,1,1,0
BRDA:40,2,0,0
BRDA:40,2,1,0
BRDA:53,3,0,0
BRDA:53,3,1,0
BRDA:59,4,0,0
BRDA:59,4,1,0
BRDA:73,5,0,0
BRDA:73,5,1,0
BRDA:84,6,0,0
BRDA:84,6,1,0
BRDA:94,7,0,0
BRDA:94,7,1,0
BRDA:104,8,0,0
BRDA:104,8,1,0
BRDA:114,9,0,0
BRDA:114,9,1,0
BRF:20
BRH:0
end_of_record
TN:
SF:C:\Users\Yehor_Remizov\Progects\Lab_react_app\Part_4_example\reactjs-films-homework\src\modules\module_Search\reducer.js
FN:7,reducer
FNF:1
FNH:1
FNDA:7,reducer
DA:1,1
DA:8,7
DA:10,1
DA:12,1
DA:14,1
DA:16,1
DA:18,1
DA:20,1
DA:21,1
LF:9
LH:9
BRDA:7,0,0,7
BRDA:8,1,0,1
BRDA:8,1,1,1
BRDA:8,1,2,1
BRDA:8,1,3,1
BRDA:8,1,4,1
BRDA:8,1,5,1
BRDA:8,1,6,1
BRF:8
BRH:8
end_of_record
